The system is: Linux - 4.18.0-240.22.1.el8_3.aarch64 - aarch64
Compiling the C compiler identification source file "CMakeCCompilerId.c" succeeded.
Compiler: /usr/bin/cc 
Build flags: 
Id flags:  

The output was:
0


Compilation of the C compiler identification source "CMakeCCompilerId.c" produced "a.out"

The C compiler identification is GNU, found in "/home/afanasyev/LAGraph/build/CMakeFiles/3.18.2/CompilerIdC/a.out"

Compiling the CXX compiler identification source file "CMakeCXXCompilerId.cpp" succeeded.
Compiler: /usr/bin/c++ 
Build flags: 
Id flags:  

The output was:
0


Compilation of the CXX compiler identification source "CMakeCXXCompilerId.cpp" produced "a.out"

The CXX compiler identification is GNU, found in "/home/afanasyev/LAGraph/build/CMakeFiles/3.18.2/CompilerIdCXX/a.out"

Detecting C compiler ABI info compiled with the following output:
Change Dir: /home/afanasyev/LAGraph/build/CMakeFiles/CMakeTmp

Run Build Command(s):/usr/bin/gmake cmTC_76c68/fast && /usr/bin/gmake  -f CMakeFiles/cmTC_76c68.dir/build.make CMakeFiles/cmTC_76c68.dir/build
gmake[1]: Entering directory '/home/afanasyev/LAGraph/build/CMakeFiles/CMakeTmp'
Building C object CMakeFiles/cmTC_76c68.dir/CMakeCCompilerABI.c.o
/usr/bin/cc   -v -o CMakeFiles/cmTC_76c68.dir/CMakeCCompilerABI.c.o -c /usr/share/cmake/Modules/CMakeCCompilerABI.c
Using built-in specs.
COLLECT_GCC=/usr/bin/cc
Target: aarch64-redhat-linux
Configured with: ../configure --enable-bootstrap --enable-languages=c,c++,fortran,lto --prefix=/usr --mandir=/usr/share/man --infodir=/usr/share/info --with-bugurl=http://bugzilla.redhat.com/bugzilla --enable-shared --enable-threads=posix --enable-checking=release --enable-multilib --with-system-zlib --enable-__cxa_atexit --disable-libunwind-exceptions --enable-gnu-unique-object --enable-linker-build-id --with-gcc-major-version-only --with-linker-hash-style=gnu --enable-plugin --enable-initfini-array --with-isl --disable-libmpx --enable-gnu-indirect-function --build=aarch64-redhat-linux
Thread model: posix
gcc version 8.4.1 20200928 (Red Hat 8.4.1-1) (GCC) 
COLLECT_GCC_OPTIONS='-v' '-o' 'CMakeFiles/cmTC_76c68.dir/CMakeCCompilerABI.c.o' '-c' '-mlittle-endian' '-mabi=lp64'
 /usr/libexec/gcc/aarch64-redhat-linux/8/cc1 -quiet -v /usr/share/cmake/Modules/CMakeCCompilerABI.c -quiet -dumpbase CMakeCCompilerABI.c -mlittle-endian -mabi=lp64 -auxbase-strip CMakeFiles/cmTC_76c68.dir/CMakeCCompilerABI.c.o -version -o /tmp/ccG2DBOE.s
GNU C17 (GCC) version 8.4.1 20200928 (Red Hat 8.4.1-1) (aarch64-redhat-linux)
	compiled by GNU C version 8.4.1 20200928 (Red Hat 8.4.1-1), GMP version 6.1.2, MPFR version 3.1.6-p2, MPC version 1.0.2, isl version isl-0.16.1-GMP

warning: MPC header version 1.0.2 differs from library version 1.1.0.
GGC heuristics: --param ggc-min-expand=100 --param ggc-min-heapsize=131072
ignoring nonexistent directory "/usr/lib/gcc/aarch64-redhat-linux/8/include-fixed"
ignoring nonexistent directory "/usr/lib/gcc/aarch64-redhat-linux/8/../../../../aarch64-redhat-linux/include"
#include "..." search starts here:
#include <...> search starts here:
 /usr/lib/gcc/aarch64-redhat-linux/8/include
 /usr/local/include
 /usr/include
End of search list.
GNU C17 (GCC) version 8.4.1 20200928 (Red Hat 8.4.1-1) (aarch64-redhat-linux)
	compiled by GNU C version 8.4.1 20200928 (Red Hat 8.4.1-1), GMP version 6.1.2, MPFR version 3.1.6-p2, MPC version 1.0.2, isl version isl-0.16.1-GMP

warning: MPC header version 1.0.2 differs from library version 1.1.0.
GGC heuristics: --param ggc-min-expand=100 --param ggc-min-heapsize=131072
Compiler executable checksum: d035c70fa88bf1e06de328ff44d02f37
COLLECT_GCC_OPTIONS='-v' '-o' 'CMakeFiles/cmTC_76c68.dir/CMakeCCompilerABI.c.o' '-c' '-mlittle-endian' '-mabi=lp64'
 as -v -EL -mabi=lp64 -o CMakeFiles/cmTC_76c68.dir/CMakeCCompilerABI.c.o /tmp/ccG2DBOE.s
GNU assembler version 2.34 (aarch64-linux-gnu) using BFD version (Kunpeng gcc 1.3.2.b023) 2.34
COMPILER_PATH=/usr/libexec/gcc/aarch64-redhat-linux/8/:/usr/libexec/gcc/aarch64-redhat-linux/8/:/usr/libexec/gcc/aarch64-redhat-linux/:/usr/lib/gcc/aarch64-redhat-linux/8/:/usr/lib/gcc/aarch64-redhat-linux/
LIBRARY_PATH=/usr/lib/gcc/aarch64-redhat-linux/8/:/usr/lib/gcc/aarch64-redhat-linux/8/../../../../lib64/:/lib/../lib64/:/usr/lib/../lib64/:/usr/lib/gcc/aarch64-redhat-linux/8/../../../:/lib/:/usr/lib/
COLLECT_GCC_OPTIONS='-v' '-o' 'CMakeFiles/cmTC_76c68.dir/CMakeCCompilerABI.c.o' '-c' '-mlittle-endian' '-mabi=lp64'
Linking C executable cmTC_76c68
/usr/bin/cmake -E cmake_link_script CMakeFiles/cmTC_76c68.dir/link.txt --verbose=1
/usr/bin/cc  -v -rdynamic CMakeFiles/cmTC_76c68.dir/CMakeCCompilerABI.c.o -o cmTC_76c68 
Using built-in specs.
COLLECT_GCC=/usr/bin/cc
COLLECT_LTO_WRAPPER=/usr/libexec/gcc/aarch64-redhat-linux/8/lto-wrapper
Target: aarch64-redhat-linux
Configured with: ../configure --enable-bootstrap --enable-languages=c,c++,fortran,lto --prefix=/usr --mandir=/usr/share/man --infodir=/usr/share/info --with-bugurl=http://bugzilla.redhat.com/bugzilla --enable-shared --enable-threads=posix --enable-checking=release --enable-multilib --with-system-zlib --enable-__cxa_atexit --disable-libunwind-exceptions --enable-gnu-unique-object --enable-linker-build-id --with-gcc-major-version-only --with-linker-hash-style=gnu --enable-plugin --enable-initfini-array --with-isl --disable-libmpx --enable-gnu-indirect-function --build=aarch64-redhat-linux
Thread model: posix
gcc version 8.4.1 20200928 (Red Hat 8.4.1-1) (GCC) 
COMPILER_PATH=/usr/libexec/gcc/aarch64-redhat-linux/8/:/usr/libexec/gcc/aarch64-redhat-linux/8/:/usr/libexec/gcc/aarch64-redhat-linux/:/usr/lib/gcc/aarch64-redhat-linux/8/:/usr/lib/gcc/aarch64-redhat-linux/
LIBRARY_PATH=/usr/lib/gcc/aarch64-redhat-linux/8/:/usr/lib/gcc/aarch64-redhat-linux/8/../../../../lib64/:/lib/../lib64/:/usr/lib/../lib64/:/usr/lib/gcc/aarch64-redhat-linux/8/../../../:/lib/:/usr/lib/
COLLECT_GCC_OPTIONS='-v' '-rdynamic' '-o' 'cmTC_76c68' '-mlittle-endian' '-mabi=lp64'
 /usr/libexec/gcc/aarch64-redhat-linux/8/collect2 -plugin /usr/libexec/gcc/aarch64-redhat-linux/8/liblto_plugin.so -plugin-opt=/usr/libexec/gcc/aarch64-redhat-linux/8/lto-wrapper -plugin-opt=-fresolution=/tmp/cc80kEL0.res -plugin-opt=-pass-through=-lgcc -plugin-opt=-pass-through=-lgcc_s -plugin-opt=-pass-through=-lc -plugin-opt=-pass-through=-lgcc -plugin-opt=-pass-through=-lgcc_s --build-id --no-add-needed --eh-frame-hdr --hash-style=gnu -export-dynamic -dynamic-linker /lib/ld-linux-aarch64.so.1 -X -EL -maarch64linux -o cmTC_76c68 /usr/lib/gcc/aarch64-redhat-linux/8/../../../../lib64/crt1.o /usr/lib/gcc/aarch64-redhat-linux/8/../../../../lib64/crti.o /usr/lib/gcc/aarch64-redhat-linux/8/crtbegin.o -L/usr/lib/gcc/aarch64-redhat-linux/8 -L/usr/lib/gcc/aarch64-redhat-linux/8/../../../../lib64 -L/lib/../lib64 -L/usr/lib/../lib64 -L/usr/lib/gcc/aarch64-redhat-linux/8/../../.. CMakeFiles/cmTC_76c68.dir/CMakeCCompilerABI.c.o -lgcc --as-needed -lgcc_s --no-as-needed -lc -lgcc --as-needed -lgcc_s --no-as-needed /usr/lib/gcc/aarch64-redhat-linux/8/crtend.o /usr/lib/gcc/aarch64-redhat-linux/8/../../../../lib64/crtn.o
COLLECT_GCC_OPTIONS='-v' '-rdynamic' '-o' 'cmTC_76c68' '-mlittle-endian' '-mabi=lp64'
gmake[1]: Leaving directory '/home/afanasyev/LAGraph/build/CMakeFiles/CMakeTmp'



Parsed C implicit include dir info from above output: rv=done
  found start of include info
  found start of implicit include info
    add: [/usr/lib/gcc/aarch64-redhat-linux/8/include]
    add: [/usr/local/include]
    add: [/usr/include]
  end of search list found
  collapse include dir [/usr/lib/gcc/aarch64-redhat-linux/8/include] ==> [/usr/lib/gcc/aarch64-redhat-linux/8/include]
  collapse include dir [/usr/local/include] ==> [/usr/local/include]
  collapse include dir [/usr/include] ==> [/usr/include]
  implicit include dirs: [/usr/lib/gcc/aarch64-redhat-linux/8/include;/usr/local/include;/usr/include]


Parsed C implicit link information from above output:
  link line regex: [^( *|.*[/\])(ld|CMAKE_LINK_STARTFILE-NOTFOUND|([^/\]+-)?ld|collect2)[^/\]*( |$)]
  ignore line: [Change Dir: /home/afanasyev/LAGraph/build/CMakeFiles/CMakeTmp]
  ignore line: []
  ignore line: [Run Build Command(s):/usr/bin/gmake cmTC_76c68/fast && /usr/bin/gmake  -f CMakeFiles/cmTC_76c68.dir/build.make CMakeFiles/cmTC_76c68.dir/build]
  ignore line: [gmake[1]: Entering directory '/home/afanasyev/LAGraph/build/CMakeFiles/CMakeTmp']
  ignore line: [Building C object CMakeFiles/cmTC_76c68.dir/CMakeCCompilerABI.c.o]
  ignore line: [/usr/bin/cc   -v -o CMakeFiles/cmTC_76c68.dir/CMakeCCompilerABI.c.o -c /usr/share/cmake/Modules/CMakeCCompilerABI.c]
  ignore line: [Using built-in specs.]
  ignore line: [COLLECT_GCC=/usr/bin/cc]
  ignore line: [Target: aarch64-redhat-linux]
  ignore line: [Configured with: ../configure --enable-bootstrap --enable-languages=c c++ fortran lto --prefix=/usr --mandir=/usr/share/man --infodir=/usr/share/info --with-bugurl=http://bugzilla.redhat.com/bugzilla --enable-shared --enable-threads=posix --enable-checking=release --enable-multilib --with-system-zlib --enable-__cxa_atexit --disable-libunwind-exceptions --enable-gnu-unique-object --enable-linker-build-id --with-gcc-major-version-only --with-linker-hash-style=gnu --enable-plugin --enable-initfini-array --with-isl --disable-libmpx --enable-gnu-indirect-function --build=aarch64-redhat-linux]
  ignore line: [Thread model: posix]
  ignore line: [gcc version 8.4.1 20200928 (Red Hat 8.4.1-1) (GCC) ]
  ignore line: [COLLECT_GCC_OPTIONS='-v' '-o' 'CMakeFiles/cmTC_76c68.dir/CMakeCCompilerABI.c.o' '-c' '-mlittle-endian' '-mabi=lp64']
  ignore line: [ /usr/libexec/gcc/aarch64-redhat-linux/8/cc1 -quiet -v /usr/share/cmake/Modules/CMakeCCompilerABI.c -quiet -dumpbase CMakeCCompilerABI.c -mlittle-endian -mabi=lp64 -auxbase-strip CMakeFiles/cmTC_76c68.dir/CMakeCCompilerABI.c.o -version -o /tmp/ccG2DBOE.s]
  ignore line: [GNU C17 (GCC) version 8.4.1 20200928 (Red Hat 8.4.1-1) (aarch64-redhat-linux)]
  ignore line: [	compiled by GNU C version 8.4.1 20200928 (Red Hat 8.4.1-1)  GMP version 6.1.2  MPFR version 3.1.6-p2  MPC version 1.0.2  isl version isl-0.16.1-GMP]
  ignore line: []
  ignore line: [warning: MPC header version 1.0.2 differs from library version 1.1.0.]
  ignore line: [GGC heuristics: --param ggc-min-expand=100 --param ggc-min-heapsize=131072]
  ignore line: [ignoring nonexistent directory "/usr/lib/gcc/aarch64-redhat-linux/8/include-fixed"]
  ignore line: [ignoring nonexistent directory "/usr/lib/gcc/aarch64-redhat-linux/8/../../../../aarch64-redhat-linux/include"]
  ignore line: [#include "..." search starts here:]
  ignore line: [#include <...> search starts here:]
  ignore line: [ /usr/lib/gcc/aarch64-redhat-linux/8/include]
  ignore line: [ /usr/local/include]
  ignore line: [ /usr/include]
  ignore line: [End of search list.]
  ignore line: [GNU C17 (GCC) version 8.4.1 20200928 (Red Hat 8.4.1-1) (aarch64-redhat-linux)]
  ignore line: [	compiled by GNU C version 8.4.1 20200928 (Red Hat 8.4.1-1)  GMP version 6.1.2  MPFR version 3.1.6-p2  MPC version 1.0.2  isl version isl-0.16.1-GMP]
  ignore line: []
  ignore line: [warning: MPC header version 1.0.2 differs from library version 1.1.0.]
  ignore line: [GGC heuristics: --param ggc-min-expand=100 --param ggc-min-heapsize=131072]
  ignore line: [Compiler executable checksum: d035c70fa88bf1e06de328ff44d02f37]
  ignore line: [COLLECT_GCC_OPTIONS='-v' '-o' 'CMakeFiles/cmTC_76c68.dir/CMakeCCompilerABI.c.o' '-c' '-mlittle-endian' '-mabi=lp64']
  ignore line: [ as -v -EL -mabi=lp64 -o CMakeFiles/cmTC_76c68.dir/CMakeCCompilerABI.c.o /tmp/ccG2DBOE.s]
  ignore line: [GNU assembler version 2.34 (aarch64-linux-gnu) using BFD version (Kunpeng gcc 1.3.2.b023) 2.34]
  ignore line: [COMPILER_PATH=/usr/libexec/gcc/aarch64-redhat-linux/8/:/usr/libexec/gcc/aarch64-redhat-linux/8/:/usr/libexec/gcc/aarch64-redhat-linux/:/usr/lib/gcc/aarch64-redhat-linux/8/:/usr/lib/gcc/aarch64-redhat-linux/]
  ignore line: [LIBRARY_PATH=/usr/lib/gcc/aarch64-redhat-linux/8/:/usr/lib/gcc/aarch64-redhat-linux/8/../../../../lib64/:/lib/../lib64/:/usr/lib/../lib64/:/usr/lib/gcc/aarch64-redhat-linux/8/../../../:/lib/:/usr/lib/]
  ignore line: [COLLECT_GCC_OPTIONS='-v' '-o' 'CMakeFiles/cmTC_76c68.dir/CMakeCCompilerABI.c.o' '-c' '-mlittle-endian' '-mabi=lp64']
  ignore line: [Linking C executable cmTC_76c68]
  ignore line: [/usr/bin/cmake -E cmake_link_script CMakeFiles/cmTC_76c68.dir/link.txt --verbose=1]
  ignore line: [/usr/bin/cc  -v -rdynamic CMakeFiles/cmTC_76c68.dir/CMakeCCompilerABI.c.o -o cmTC_76c68 ]
  ignore line: [Using built-in specs.]
  ignore line: [COLLECT_GCC=/usr/bin/cc]
  ignore line: [COLLECT_LTO_WRAPPER=/usr/libexec/gcc/aarch64-redhat-linux/8/lto-wrapper]
  ignore line: [Target: aarch64-redhat-linux]
  ignore line: [Configured with: ../configure --enable-bootstrap --enable-languages=c c++ fortran lto --prefix=/usr --mandir=/usr/share/man --infodir=/usr/share/info --with-bugurl=http://bugzilla.redhat.com/bugzilla --enable-shared --enable-threads=posix --enable-checking=release --enable-multilib --with-system-zlib --enable-__cxa_atexit --disable-libunwind-exceptions --enable-gnu-unique-object --enable-linker-build-id --with-gcc-major-version-only --with-linker-hash-style=gnu --enable-plugin --enable-initfini-array --with-isl --disable-libmpx --enable-gnu-indirect-function --build=aarch64-redhat-linux]
  ignore line: [Thread model: posix]
  ignore line: [gcc version 8.4.1 20200928 (Red Hat 8.4.1-1) (GCC) ]
  ignore line: [COMPILER_PATH=/usr/libexec/gcc/aarch64-redhat-linux/8/:/usr/libexec/gcc/aarch64-redhat-linux/8/:/usr/libexec/gcc/aarch64-redhat-linux/:/usr/lib/gcc/aarch64-redhat-linux/8/:/usr/lib/gcc/aarch64-redhat-linux/]
  ignore line: [LIBRARY_PATH=/usr/lib/gcc/aarch64-redhat-linux/8/:/usr/lib/gcc/aarch64-redhat-linux/8/../../../../lib64/:/lib/../lib64/:/usr/lib/../lib64/:/usr/lib/gcc/aarch64-redhat-linux/8/../../../:/lib/:/usr/lib/]
  ignore line: [COLLECT_GCC_OPTIONS='-v' '-rdynamic' '-o' 'cmTC_76c68' '-mlittle-endian' '-mabi=lp64']
  link line: [ /usr/libexec/gcc/aarch64-redhat-linux/8/collect2 -plugin /usr/libexec/gcc/aarch64-redhat-linux/8/liblto_plugin.so -plugin-opt=/usr/libexec/gcc/aarch64-redhat-linux/8/lto-wrapper -plugin-opt=-fresolution=/tmp/cc80kEL0.res -plugin-opt=-pass-through=-lgcc -plugin-opt=-pass-through=-lgcc_s -plugin-opt=-pass-through=-lc -plugin-opt=-pass-through=-lgcc -plugin-opt=-pass-through=-lgcc_s --build-id --no-add-needed --eh-frame-hdr --hash-style=gnu -export-dynamic -dynamic-linker /lib/ld-linux-aarch64.so.1 -X -EL -maarch64linux -o cmTC_76c68 /usr/lib/gcc/aarch64-redhat-linux/8/../../../../lib64/crt1.o /usr/lib/gcc/aarch64-redhat-linux/8/../../../../lib64/crti.o /usr/lib/gcc/aarch64-redhat-linux/8/crtbegin.o -L/usr/lib/gcc/aarch64-redhat-linux/8 -L/usr/lib/gcc/aarch64-redhat-linux/8/../../../../lib64 -L/lib/../lib64 -L/usr/lib/../lib64 -L/usr/lib/gcc/aarch64-redhat-linux/8/../../.. CMakeFiles/cmTC_76c68.dir/CMakeCCompilerABI.c.o -lgcc --as-needed -lgcc_s --no-as-needed -lc -lgcc --as-needed -lgcc_s --no-as-needed /usr/lib/gcc/aarch64-redhat-linux/8/crtend.o /usr/lib/gcc/aarch64-redhat-linux/8/../../../../lib64/crtn.o]
    arg [/usr/libexec/gcc/aarch64-redhat-linux/8/collect2] ==> ignore
    arg [-plugin] ==> ignore
    arg [/usr/libexec/gcc/aarch64-redhat-linux/8/liblto_plugin.so] ==> ignore
    arg [-plugin-opt=/usr/libexec/gcc/aarch64-redhat-linux/8/lto-wrapper] ==> ignore
    arg [-plugin-opt=-fresolution=/tmp/cc80kEL0.res] ==> ignore
    arg [-plugin-opt=-pass-through=-lgcc] ==> ignore
    arg [-plugin-opt=-pass-through=-lgcc_s] ==> ignore
    arg [-plugin-opt=-pass-through=-lc] ==> ignore
    arg [-plugin-opt=-pass-through=-lgcc] ==> ignore
    arg [-plugin-opt=-pass-through=-lgcc_s] ==> ignore
    arg [--build-id] ==> ignore
    arg [--no-add-needed] ==> ignore
    arg [--eh-frame-hdr] ==> ignore
    arg [--hash-style=gnu] ==> ignore
    arg [-export-dynamic] ==> ignore
    arg [-dynamic-linker] ==> ignore
    arg [/lib/ld-linux-aarch64.so.1] ==> ignore
    arg [-X] ==> ignore
    arg [-EL] ==> ignore
    arg [-maarch64linux] ==> ignore
    arg [-o] ==> ignore
    arg [cmTC_76c68] ==> ignore
    arg [/usr/lib/gcc/aarch64-redhat-linux/8/../../../../lib64/crt1.o] ==> ignore
    arg [/usr/lib/gcc/aarch64-redhat-linux/8/../../../../lib64/crti.o] ==> ignore
    arg [/usr/lib/gcc/aarch64-redhat-linux/8/crtbegin.o] ==> ignore
    arg [-L/usr/lib/gcc/aarch64-redhat-linux/8] ==> dir [/usr/lib/gcc/aarch64-redhat-linux/8]
    arg [-L/usr/lib/gcc/aarch64-redhat-linux/8/../../../../lib64] ==> dir [/usr/lib/gcc/aarch64-redhat-linux/8/../../../../lib64]
    arg [-L/lib/../lib64] ==> dir [/lib/../lib64]
    arg [-L/usr/lib/../lib64] ==> dir [/usr/lib/../lib64]
    arg [-L/usr/lib/gcc/aarch64-redhat-linux/8/../../..] ==> dir [/usr/lib/gcc/aarch64-redhat-linux/8/../../..]
    arg [CMakeFiles/cmTC_76c68.dir/CMakeCCompilerABI.c.o] ==> ignore
    arg [-lgcc] ==> lib [gcc]
    arg [--as-needed] ==> ignore
    arg [-lgcc_s] ==> lib [gcc_s]
    arg [--no-as-needed] ==> ignore
    arg [-lc] ==> lib [c]
    arg [-lgcc] ==> lib [gcc]
    arg [--as-needed] ==> ignore
    arg [-lgcc_s] ==> lib [gcc_s]
    arg [--no-as-needed] ==> ignore
    arg [/usr/lib/gcc/aarch64-redhat-linux/8/crtend.o] ==> ignore
    arg [/usr/lib/gcc/aarch64-redhat-linux/8/../../../../lib64/crtn.o] ==> ignore
  collapse library dir [/usr/lib/gcc/aarch64-redhat-linux/8] ==> [/usr/lib/gcc/aarch64-redhat-linux/8]
  collapse library dir [/usr/lib/gcc/aarch64-redhat-linux/8/../../../../lib64] ==> [/usr/lib64]
  collapse library dir [/lib/../lib64] ==> [/lib64]
  collapse library dir [/usr/lib/../lib64] ==> [/usr/lib64]
  collapse library dir [/usr/lib/gcc/aarch64-redhat-linux/8/../../..] ==> [/usr/lib]
  implicit libs: [gcc;gcc_s;c;gcc;gcc_s]
  implicit dirs: [/usr/lib/gcc/aarch64-redhat-linux/8;/usr/lib64;/lib64;/usr/lib]
  implicit fwks: []


Detecting CXX compiler ABI info compiled with the following output:
Change Dir: /home/afanasyev/LAGraph/build/CMakeFiles/CMakeTmp

Run Build Command(s):/usr/bin/gmake cmTC_4a25e/fast && /usr/bin/gmake  -f CMakeFiles/cmTC_4a25e.dir/build.make CMakeFiles/cmTC_4a25e.dir/build
gmake[1]: Entering directory '/home/afanasyev/LAGraph/build/CMakeFiles/CMakeTmp'
Building CXX object CMakeFiles/cmTC_4a25e.dir/CMakeCXXCompilerABI.cpp.o
/usr/bin/c++   -v -o CMakeFiles/cmTC_4a25e.dir/CMakeCXXCompilerABI.cpp.o -c /usr/share/cmake/Modules/CMakeCXXCompilerABI.cpp
Using built-in specs.
COLLECT_GCC=/usr/bin/c++
Target: aarch64-redhat-linux
Configured with: ../configure --enable-bootstrap --enable-languages=c,c++,fortran,lto --prefix=/usr --mandir=/usr/share/man --infodir=/usr/share/info --with-bugurl=http://bugzilla.redhat.com/bugzilla --enable-shared --enable-threads=posix --enable-checking=release --enable-multilib --with-system-zlib --enable-__cxa_atexit --disable-libunwind-exceptions --enable-gnu-unique-object --enable-linker-build-id --with-gcc-major-version-only --with-linker-hash-style=gnu --enable-plugin --enable-initfini-array --with-isl --disable-libmpx --enable-gnu-indirect-function --build=aarch64-redhat-linux
Thread model: posix
gcc version 8.4.1 20200928 (Red Hat 8.4.1-1) (GCC) 
COLLECT_GCC_OPTIONS='-v' '-o' 'CMakeFiles/cmTC_4a25e.dir/CMakeCXXCompilerABI.cpp.o' '-c' '-shared-libgcc' '-mlittle-endian' '-mabi=lp64'
 /usr/libexec/gcc/aarch64-redhat-linux/8/cc1plus -quiet -v -D_GNU_SOURCE /usr/share/cmake/Modules/CMakeCXXCompilerABI.cpp -quiet -dumpbase CMakeCXXCompilerABI.cpp -mlittle-endian -mabi=lp64 -auxbase-strip CMakeFiles/cmTC_4a25e.dir/CMakeCXXCompilerABI.cpp.o -version -o /tmp/ccvic3pt.s
GNU C++14 (GCC) version 8.4.1 20200928 (Red Hat 8.4.1-1) (aarch64-redhat-linux)
	compiled by GNU C version 8.4.1 20200928 (Red Hat 8.4.1-1), GMP version 6.1.2, MPFR version 3.1.6-p2, MPC version 1.0.2, isl version isl-0.16.1-GMP

warning: MPC header version 1.0.2 differs from library version 1.1.0.
GGC heuristics: --param ggc-min-expand=100 --param ggc-min-heapsize=131072
ignoring nonexistent directory "/usr/lib/gcc/aarch64-redhat-linux/8/include-fixed"
ignoring nonexistent directory "/usr/lib/gcc/aarch64-redhat-linux/8/../../../../aarch64-redhat-linux/include"
#include "..." search starts here:
#include <...> search starts here:
 /usr/lib/gcc/aarch64-redhat-linux/8/../../../../include/c++/8
 /usr/lib/gcc/aarch64-redhat-linux/8/../../../../include/c++/8/aarch64-redhat-linux
 /usr/lib/gcc/aarch64-redhat-linux/8/../../../../include/c++/8/backward
 /usr/lib/gcc/aarch64-redhat-linux/8/include
 /usr/local/include
 /usr/include
End of search list.
GNU C++14 (GCC) version 8.4.1 20200928 (Red Hat 8.4.1-1) (aarch64-redhat-linux)
	compiled by GNU C version 8.4.1 20200928 (Red Hat 8.4.1-1), GMP version 6.1.2, MPFR version 3.1.6-p2, MPC version 1.0.2, isl version isl-0.16.1-GMP

warning: MPC header version 1.0.2 differs from library version 1.1.0.
GGC heuristics: --param ggc-min-expand=100 --param ggc-min-heapsize=131072
Compiler executable checksum: f205d195d87a8ecae83783b35db9f541
COLLECT_GCC_OPTIONS='-v' '-o' 'CMakeFiles/cmTC_4a25e.dir/CMakeCXXCompilerABI.cpp.o' '-c' '-shared-libgcc' '-mlittle-endian' '-mabi=lp64'
 as -v -EL -mabi=lp64 -o CMakeFiles/cmTC_4a25e.dir/CMakeCXXCompilerABI.cpp.o /tmp/ccvic3pt.s
GNU assembler version 2.34 (aarch64-linux-gnu) using BFD version (Kunpeng gcc 1.3.2.b023) 2.34
COMPILER_PATH=/usr/libexec/gcc/aarch64-redhat-linux/8/:/usr/libexec/gcc/aarch64-redhat-linux/8/:/usr/libexec/gcc/aarch64-redhat-linux/:/usr/lib/gcc/aarch64-redhat-linux/8/:/usr/lib/gcc/aarch64-redhat-linux/
LIBRARY_PATH=/usr/lib/gcc/aarch64-redhat-linux/8/:/usr/lib/gcc/aarch64-redhat-linux/8/../../../../lib64/:/lib/../lib64/:/usr/lib/../lib64/:/usr/lib/gcc/aarch64-redhat-linux/8/../../../:/lib/:/usr/lib/
COLLECT_GCC_OPTIONS='-v' '-o' 'CMakeFiles/cmTC_4a25e.dir/CMakeCXXCompilerABI.cpp.o' '-c' '-shared-libgcc' '-mlittle-endian' '-mabi=lp64'
Linking CXX executable cmTC_4a25e
/usr/bin/cmake -E cmake_link_script CMakeFiles/cmTC_4a25e.dir/link.txt --verbose=1
/usr/bin/c++  -v -rdynamic CMakeFiles/cmTC_4a25e.dir/CMakeCXXCompilerABI.cpp.o -o cmTC_4a25e 
Using built-in specs.
COLLECT_GCC=/usr/bin/c++
COLLECT_LTO_WRAPPER=/usr/libexec/gcc/aarch64-redhat-linux/8/lto-wrapper
Target: aarch64-redhat-linux
Configured with: ../configure --enable-bootstrap --enable-languages=c,c++,fortran,lto --prefix=/usr --mandir=/usr/share/man --infodir=/usr/share/info --with-bugurl=http://bugzilla.redhat.com/bugzilla --enable-shared --enable-threads=posix --enable-checking=release --enable-multilib --with-system-zlib --enable-__cxa_atexit --disable-libunwind-exceptions --enable-gnu-unique-object --enable-linker-build-id --with-gcc-major-version-only --with-linker-hash-style=gnu --enable-plugin --enable-initfini-array --with-isl --disable-libmpx --enable-gnu-indirect-function --build=aarch64-redhat-linux
Thread model: posix
gcc version 8.4.1 20200928 (Red Hat 8.4.1-1) (GCC) 
COMPILER_PATH=/usr/libexec/gcc/aarch64-redhat-linux/8/:/usr/libexec/gcc/aarch64-redhat-linux/8/:/usr/libexec/gcc/aarch64-redhat-linux/:/usr/lib/gcc/aarch64-redhat-linux/8/:/usr/lib/gcc/aarch64-redhat-linux/
LIBRARY_PATH=/usr/lib/gcc/aarch64-redhat-linux/8/:/usr/lib/gcc/aarch64-redhat-linux/8/../../../../lib64/:/lib/../lib64/:/usr/lib/../lib64/:/usr/lib/gcc/aarch64-redhat-linux/8/../../../:/lib/:/usr/lib/
COLLECT_GCC_OPTIONS='-v' '-rdynamic' '-o' 'cmTC_4a25e' '-shared-libgcc' '-mlittle-endian' '-mabi=lp64'
 /usr/libexec/gcc/aarch64-redhat-linux/8/collect2 -plugin /usr/libexec/gcc/aarch64-redhat-linux/8/liblto_plugin.so -plugin-opt=/usr/libexec/gcc/aarch64-redhat-linux/8/lto-wrapper -plugin-opt=-fresolution=/tmp/ccsB9ZgO.res -plugin-opt=-pass-through=-lgcc_s -plugin-opt=-pass-through=-lgcc -plugin-opt=-pass-through=-lc -plugin-opt=-pass-through=-lgcc_s -plugin-opt=-pass-through=-lgcc --build-id --no-add-needed --eh-frame-hdr --hash-style=gnu -export-dynamic -dynamic-linker /lib/ld-linux-aarch64.so.1 -X -EL -maarch64linux -o cmTC_4a25e /usr/lib/gcc/aarch64-redhat-linux/8/../../../../lib64/crt1.o /usr/lib/gcc/aarch64-redhat-linux/8/../../../../lib64/crti.o /usr/lib/gcc/aarch64-redhat-linux/8/crtbegin.o -L/usr/lib/gcc/aarch64-redhat-linux/8 -L/usr/lib/gcc/aarch64-redhat-linux/8/../../../../lib64 -L/lib/../lib64 -L/usr/lib/../lib64 -L/usr/lib/gcc/aarch64-redhat-linux/8/../../.. CMakeFiles/cmTC_4a25e.dir/CMakeCXXCompilerABI.cpp.o -lstdc++ -lm -lgcc_s -lgcc -lc -lgcc_s -lgcc /usr/lib/gcc/aarch64-redhat-linux/8/crtend.o /usr/lib/gcc/aarch64-redhat-linux/8/../../../../lib64/crtn.o
COLLECT_GCC_OPTIONS='-v' '-rdynamic' '-o' 'cmTC_4a25e' '-shared-libgcc' '-mlittle-endian' '-mabi=lp64'
gmake[1]: Leaving directory '/home/afanasyev/LAGraph/build/CMakeFiles/CMakeTmp'



Parsed CXX implicit include dir info from above output: rv=done
  found start of include info
  found start of implicit include info
    add: [/usr/lib/gcc/aarch64-redhat-linux/8/../../../../include/c++/8]
    add: [/usr/lib/gcc/aarch64-redhat-linux/8/../../../../include/c++/8/aarch64-redhat-linux]
    add: [/usr/lib/gcc/aarch64-redhat-linux/8/../../../../include/c++/8/backward]
    add: [/usr/lib/gcc/aarch64-redhat-linux/8/include]
    add: [/usr/local/include]
    add: [/usr/include]
  end of search list found
  collapse include dir [/usr/lib/gcc/aarch64-redhat-linux/8/../../../../include/c++/8] ==> [/usr/include/c++/8]
  collapse include dir [/usr/lib/gcc/aarch64-redhat-linux/8/../../../../include/c++/8/aarch64-redhat-linux] ==> [/usr/include/c++/8/aarch64-redhat-linux]
  collapse include dir [/usr/lib/gcc/aarch64-redhat-linux/8/../../../../include/c++/8/backward] ==> [/usr/include/c++/8/backward]
  collapse include dir [/usr/lib/gcc/aarch64-redhat-linux/8/include] ==> [/usr/lib/gcc/aarch64-redhat-linux/8/include]
  collapse include dir [/usr/local/include] ==> [/usr/local/include]
  collapse include dir [/usr/include] ==> [/usr/include]
  implicit include dirs: [/usr/include/c++/8;/usr/include/c++/8/aarch64-redhat-linux;/usr/include/c++/8/backward;/usr/lib/gcc/aarch64-redhat-linux/8/include;/usr/local/include;/usr/include]


Parsed CXX implicit link information from above output:
  link line regex: [^( *|.*[/\])(ld|CMAKE_LINK_STARTFILE-NOTFOUND|([^/\]+-)?ld|collect2)[^/\]*( |$)]
  ignore line: [Change Dir: /home/afanasyev/LAGraph/build/CMakeFiles/CMakeTmp]
  ignore line: []
  ignore line: [Run Build Command(s):/usr/bin/gmake cmTC_4a25e/fast && /usr/bin/gmake  -f CMakeFiles/cmTC_4a25e.dir/build.make CMakeFiles/cmTC_4a25e.dir/build]
  ignore line: [gmake[1]: Entering directory '/home/afanasyev/LAGraph/build/CMakeFiles/CMakeTmp']
  ignore line: [Building CXX object CMakeFiles/cmTC_4a25e.dir/CMakeCXXCompilerABI.cpp.o]
  ignore line: [/usr/bin/c++   -v -o CMakeFiles/cmTC_4a25e.dir/CMakeCXXCompilerABI.cpp.o -c /usr/share/cmake/Modules/CMakeCXXCompilerABI.cpp]
  ignore line: [Using built-in specs.]
  ignore line: [COLLECT_GCC=/usr/bin/c++]
  ignore line: [Target: aarch64-redhat-linux]
  ignore line: [Configured with: ../configure --enable-bootstrap --enable-languages=c c++ fortran lto --prefix=/usr --mandir=/usr/share/man --infodir=/usr/share/info --with-bugurl=http://bugzilla.redhat.com/bugzilla --enable-shared --enable-threads=posix --enable-checking=release --enable-multilib --with-system-zlib --enable-__cxa_atexit --disable-libunwind-exceptions --enable-gnu-unique-object --enable-linker-build-id --with-gcc-major-version-only --with-linker-hash-style=gnu --enable-plugin --enable-initfini-array --with-isl --disable-libmpx --enable-gnu-indirect-function --build=aarch64-redhat-linux]
  ignore line: [Thread model: posix]
  ignore line: [gcc version 8.4.1 20200928 (Red Hat 8.4.1-1) (GCC) ]
  ignore line: [COLLECT_GCC_OPTIONS='-v' '-o' 'CMakeFiles/cmTC_4a25e.dir/CMakeCXXCompilerABI.cpp.o' '-c' '-shared-libgcc' '-mlittle-endian' '-mabi=lp64']
  ignore line: [ /usr/libexec/gcc/aarch64-redhat-linux/8/cc1plus -quiet -v -D_GNU_SOURCE /usr/share/cmake/Modules/CMakeCXXCompilerABI.cpp -quiet -dumpbase CMakeCXXCompilerABI.cpp -mlittle-endian -mabi=lp64 -auxbase-strip CMakeFiles/cmTC_4a25e.dir/CMakeCXXCompilerABI.cpp.o -version -o /tmp/ccvic3pt.s]
  ignore line: [GNU C++14 (GCC) version 8.4.1 20200928 (Red Hat 8.4.1-1) (aarch64-redhat-linux)]
  ignore line: [	compiled by GNU C version 8.4.1 20200928 (Red Hat 8.4.1-1)  GMP version 6.1.2  MPFR version 3.1.6-p2  MPC version 1.0.2  isl version isl-0.16.1-GMP]
  ignore line: []
  ignore line: [warning: MPC header version 1.0.2 differs from library version 1.1.0.]
  ignore line: [GGC heuristics: --param ggc-min-expand=100 --param ggc-min-heapsize=131072]
  ignore line: [ignoring nonexistent directory "/usr/lib/gcc/aarch64-redhat-linux/8/include-fixed"]
  ignore line: [ignoring nonexistent directory "/usr/lib/gcc/aarch64-redhat-linux/8/../../../../aarch64-redhat-linux/include"]
  ignore line: [#include "..." search starts here:]
  ignore line: [#include <...> search starts here:]
  ignore line: [ /usr/lib/gcc/aarch64-redhat-linux/8/../../../../include/c++/8]
  ignore line: [ /usr/lib/gcc/aarch64-redhat-linux/8/../../../../include/c++/8/aarch64-redhat-linux]
  ignore line: [ /usr/lib/gcc/aarch64-redhat-linux/8/../../../../include/c++/8/backward]
  ignore line: [ /usr/lib/gcc/aarch64-redhat-linux/8/include]
  ignore line: [ /usr/local/include]
  ignore line: [ /usr/include]
  ignore line: [End of search list.]
  ignore line: [GNU C++14 (GCC) version 8.4.1 20200928 (Red Hat 8.4.1-1) (aarch64-redhat-linux)]
  ignore line: [	compiled by GNU C version 8.4.1 20200928 (Red Hat 8.4.1-1)  GMP version 6.1.2  MPFR version 3.1.6-p2  MPC version 1.0.2  isl version isl-0.16.1-GMP]
  ignore line: []
  ignore line: [warning: MPC header version 1.0.2 differs from library version 1.1.0.]
  ignore line: [GGC heuristics: --param ggc-min-expand=100 --param ggc-min-heapsize=131072]
  ignore line: [Compiler executable checksum: f205d195d87a8ecae83783b35db9f541]
  ignore line: [COLLECT_GCC_OPTIONS='-v' '-o' 'CMakeFiles/cmTC_4a25e.dir/CMakeCXXCompilerABI.cpp.o' '-c' '-shared-libgcc' '-mlittle-endian' '-mabi=lp64']
  ignore line: [ as -v -EL -mabi=lp64 -o CMakeFiles/cmTC_4a25e.dir/CMakeCXXCompilerABI.cpp.o /tmp/ccvic3pt.s]
  ignore line: [GNU assembler version 2.34 (aarch64-linux-gnu) using BFD version (Kunpeng gcc 1.3.2.b023) 2.34]
  ignore line: [COMPILER_PATH=/usr/libexec/gcc/aarch64-redhat-linux/8/:/usr/libexec/gcc/aarch64-redhat-linux/8/:/usr/libexec/gcc/aarch64-redhat-linux/:/usr/lib/gcc/aarch64-redhat-linux/8/:/usr/lib/gcc/aarch64-redhat-linux/]
  ignore line: [LIBRARY_PATH=/usr/lib/gcc/aarch64-redhat-linux/8/:/usr/lib/gcc/aarch64-redhat-linux/8/../../../../lib64/:/lib/../lib64/:/usr/lib/../lib64/:/usr/lib/gcc/aarch64-redhat-linux/8/../../../:/lib/:/usr/lib/]
  ignore line: [COLLECT_GCC_OPTIONS='-v' '-o' 'CMakeFiles/cmTC_4a25e.dir/CMakeCXXCompilerABI.cpp.o' '-c' '-shared-libgcc' '-mlittle-endian' '-mabi=lp64']
  ignore line: [Linking CXX executable cmTC_4a25e]
  ignore line: [/usr/bin/cmake -E cmake_link_script CMakeFiles/cmTC_4a25e.dir/link.txt --verbose=1]
  ignore line: [/usr/bin/c++  -v -rdynamic CMakeFiles/cmTC_4a25e.dir/CMakeCXXCompilerABI.cpp.o -o cmTC_4a25e ]
  ignore line: [Using built-in specs.]
  ignore line: [COLLECT_GCC=/usr/bin/c++]
  ignore line: [COLLECT_LTO_WRAPPER=/usr/libexec/gcc/aarch64-redhat-linux/8/lto-wrapper]
  ignore line: [Target: aarch64-redhat-linux]
  ignore line: [Configured with: ../configure --enable-bootstrap --enable-languages=c c++ fortran lto --prefix=/usr --mandir=/usr/share/man --infodir=/usr/share/info --with-bugurl=http://bugzilla.redhat.com/bugzilla --enable-shared --enable-threads=posix --enable-checking=release --enable-multilib --with-system-zlib --enable-__cxa_atexit --disable-libunwind-exceptions --enable-gnu-unique-object --enable-linker-build-id --with-gcc-major-version-only --with-linker-hash-style=gnu --enable-plugin --enable-initfini-array --with-isl --disable-libmpx --enable-gnu-indirect-function --build=aarch64-redhat-linux]
  ignore line: [Thread model: posix]
  ignore line: [gcc version 8.4.1 20200928 (Red Hat 8.4.1-1) (GCC) ]
  ignore line: [COMPILER_PATH=/usr/libexec/gcc/aarch64-redhat-linux/8/:/usr/libexec/gcc/aarch64-redhat-linux/8/:/usr/libexec/gcc/aarch64-redhat-linux/:/usr/lib/gcc/aarch64-redhat-linux/8/:/usr/lib/gcc/aarch64-redhat-linux/]
  ignore line: [LIBRARY_PATH=/usr/lib/gcc/aarch64-redhat-linux/8/:/usr/lib/gcc/aarch64-redhat-linux/8/../../../../lib64/:/lib/../lib64/:/usr/lib/../lib64/:/usr/lib/gcc/aarch64-redhat-linux/8/../../../:/lib/:/usr/lib/]
  ignore line: [COLLECT_GCC_OPTIONS='-v' '-rdynamic' '-o' 'cmTC_4a25e' '-shared-libgcc' '-mlittle-endian' '-mabi=lp64']
  link line: [ /usr/libexec/gcc/aarch64-redhat-linux/8/collect2 -plugin /usr/libexec/gcc/aarch64-redhat-linux/8/liblto_plugin.so -plugin-opt=/usr/libexec/gcc/aarch64-redhat-linux/8/lto-wrapper -plugin-opt=-fresolution=/tmp/ccsB9ZgO.res -plugin-opt=-pass-through=-lgcc_s -plugin-opt=-pass-through=-lgcc -plugin-opt=-pass-through=-lc -plugin-opt=-pass-through=-lgcc_s -plugin-opt=-pass-through=-lgcc --build-id --no-add-needed --eh-frame-hdr --hash-style=gnu -export-dynamic -dynamic-linker /lib/ld-linux-aarch64.so.1 -X -EL -maarch64linux -o cmTC_4a25e /usr/lib/gcc/aarch64-redhat-linux/8/../../../../lib64/crt1.o /usr/lib/gcc/aarch64-redhat-linux/8/../../../../lib64/crti.o /usr/lib/gcc/aarch64-redhat-linux/8/crtbegin.o -L/usr/lib/gcc/aarch64-redhat-linux/8 -L/usr/lib/gcc/aarch64-redhat-linux/8/../../../../lib64 -L/lib/../lib64 -L/usr/lib/../lib64 -L/usr/lib/gcc/aarch64-redhat-linux/8/../../.. CMakeFiles/cmTC_4a25e.dir/CMakeCXXCompilerABI.cpp.o -lstdc++ -lm -lgcc_s -lgcc -lc -lgcc_s -lgcc /usr/lib/gcc/aarch64-redhat-linux/8/crtend.o /usr/lib/gcc/aarch64-redhat-linux/8/../../../../lib64/crtn.o]
    arg [/usr/libexec/gcc/aarch64-redhat-linux/8/collect2] ==> ignore
    arg [-plugin] ==> ignore
    arg [/usr/libexec/gcc/aarch64-redhat-linux/8/liblto_plugin.so] ==> ignore
    arg [-plugin-opt=/usr/libexec/gcc/aarch64-redhat-linux/8/lto-wrapper] ==> ignore
    arg [-plugin-opt=-fresolution=/tmp/ccsB9ZgO.res] ==> ignore
    arg [-plugin-opt=-pass-through=-lgcc_s] ==> ignore
    arg [-plugin-opt=-pass-through=-lgcc] ==> ignore
    arg [-plugin-opt=-pass-through=-lc] ==> ignore
    arg [-plugin-opt=-pass-through=-lgcc_s] ==> ignore
    arg [-plugin-opt=-pass-through=-lgcc] ==> ignore
    arg [--build-id] ==> ignore
    arg [--no-add-needed] ==> ignore
    arg [--eh-frame-hdr] ==> ignore
    arg [--hash-style=gnu] ==> ignore
    arg [-export-dynamic] ==> ignore
    arg [-dynamic-linker] ==> ignore
    arg [/lib/ld-linux-aarch64.so.1] ==> ignore
    arg [-X] ==> ignore
    arg [-EL] ==> ignore
    arg [-maarch64linux] ==> ignore
    arg [-o] ==> ignore
    arg [cmTC_4a25e] ==> ignore
    arg [/usr/lib/gcc/aarch64-redhat-linux/8/../../../../lib64/crt1.o] ==> ignore
    arg [/usr/lib/gcc/aarch64-redhat-linux/8/../../../../lib64/crti.o] ==> ignore
    arg [/usr/lib/gcc/aarch64-redhat-linux/8/crtbegin.o] ==> ignore
    arg [-L/usr/lib/gcc/aarch64-redhat-linux/8] ==> dir [/usr/lib/gcc/aarch64-redhat-linux/8]
    arg [-L/usr/lib/gcc/aarch64-redhat-linux/8/../../../../lib64] ==> dir [/usr/lib/gcc/aarch64-redhat-linux/8/../../../../lib64]
    arg [-L/lib/../lib64] ==> dir [/lib/../lib64]
    arg [-L/usr/lib/../lib64] ==> dir [/usr/lib/../lib64]
    arg [-L/usr/lib/gcc/aarch64-redhat-linux/8/../../..] ==> dir [/usr/lib/gcc/aarch64-redhat-linux/8/../../..]
    arg [CMakeFiles/cmTC_4a25e.dir/CMakeCXXCompilerABI.cpp.o] ==> ignore
    arg [-lstdc++] ==> lib [stdc++]
    arg [-lm] ==> lib [m]
    arg [-lgcc_s] ==> lib [gcc_s]
    arg [-lgcc] ==> lib [gcc]
    arg [-lc] ==> lib [c]
    arg [-lgcc_s] ==> lib [gcc_s]
    arg [-lgcc] ==> lib [gcc]
    arg [/usr/lib/gcc/aarch64-redhat-linux/8/crtend.o] ==> ignore
    arg [/usr/lib/gcc/aarch64-redhat-linux/8/../../../../lib64/crtn.o] ==> ignore
  collapse library dir [/usr/lib/gcc/aarch64-redhat-linux/8] ==> [/usr/lib/gcc/aarch64-redhat-linux/8]
  collapse library dir [/usr/lib/gcc/aarch64-redhat-linux/8/../../../../lib64] ==> [/usr/lib64]
  collapse library dir [/lib/../lib64] ==> [/lib64]
  collapse library dir [/usr/lib/../lib64] ==> [/usr/lib64]
  collapse library dir [/usr/lib/gcc/aarch64-redhat-linux/8/../../..] ==> [/usr/lib]
  implicit libs: [stdc++;m;gcc_s;gcc;c;gcc_s;gcc]
  implicit dirs: [/usr/lib/gcc/aarch64-redhat-linux/8;/usr/lib64;/lib64;/usr/lib]
  implicit fwks: []


Detecting C OpenMP compiler ABI info compiled with the following output:
Change Dir: /home/afanasyev/LAGraph/build/CMakeFiles/CMakeTmp

Run Build Command(s):/usr/bin/gmake cmTC_83ff1/fast && /usr/bin/gmake  -f CMakeFiles/cmTC_83ff1.dir/build.make CMakeFiles/cmTC_83ff1.dir/build
gmake[1]: Entering directory '/home/afanasyev/LAGraph/build/CMakeFiles/CMakeTmp'
Building C object CMakeFiles/cmTC_83ff1.dir/OpenMPTryFlag.c.o
/usr/bin/cc   -fopenmp -v -o CMakeFiles/cmTC_83ff1.dir/OpenMPTryFlag.c.o -c /home/afanasyev/LAGraph/build/CMakeFiles/FindOpenMP/OpenMPTryFlag.c
Using built-in specs.
COLLECT_GCC=/usr/bin/cc
Target: aarch64-redhat-linux
Configured with: ../configure --enable-bootstrap --enable-languages=c,c++,fortran,lto --prefix=/usr --mandir=/usr/share/man --infodir=/usr/share/info --with-bugurl=http://bugzilla.redhat.com/bugzilla --enable-shared --enable-threads=posix --enable-checking=release --enable-multilib --with-system-zlib --enable-__cxa_atexit --disable-libunwind-exceptions --enable-gnu-unique-object --enable-linker-build-id --with-gcc-major-version-only --with-linker-hash-style=gnu --enable-plugin --enable-initfini-array --with-isl --disable-libmpx --enable-gnu-indirect-function --build=aarch64-redhat-linux
Thread model: posix
gcc version 8.4.1 20200928 (Red Hat 8.4.1-1) (GCC) 
COLLECT_GCC_OPTIONS='-fopenmp' '-v' '-o' 'CMakeFiles/cmTC_83ff1.dir/OpenMPTryFlag.c.o' '-c' '-mlittle-endian' '-mabi=lp64' '-pthread'
 /usr/libexec/gcc/aarch64-redhat-linux/8/cc1 -quiet -v -D_REENTRANT /home/afanasyev/LAGraph/build/CMakeFiles/FindOpenMP/OpenMPTryFlag.c -quiet -dumpbase OpenMPTryFlag.c -mlittle-endian -mabi=lp64 -auxbase-strip CMakeFiles/cmTC_83ff1.dir/OpenMPTryFlag.c.o -version -fopenmp -o /tmp/ccKPgE0f.s
GNU C17 (GCC) version 8.4.1 20200928 (Red Hat 8.4.1-1) (aarch64-redhat-linux)
	compiled by GNU C version 8.4.1 20200928 (Red Hat 8.4.1-1), GMP version 6.1.2, MPFR version 3.1.6-p2, MPC version 1.0.2, isl version isl-0.16.1-GMP

warning: MPC header version 1.0.2 differs from library version 1.1.0.
GGC heuristics: --param ggc-min-expand=100 --param ggc-min-heapsize=131072
ignoring nonexistent directory "/usr/lib/gcc/aarch64-redhat-linux/8/include-fixed"
ignoring nonexistent directory "/usr/lib/gcc/aarch64-redhat-linux/8/../../../../aarch64-redhat-linux/include"
#include "..." search starts here:
#include <...> search starts here:
 /usr/lib/gcc/aarch64-redhat-linux/8/include
 /usr/local/include
 /usr/include
End of search list.
GNU C17 (GCC) version 8.4.1 20200928 (Red Hat 8.4.1-1) (aarch64-redhat-linux)
	compiled by GNU C version 8.4.1 20200928 (Red Hat 8.4.1-1), GMP version 6.1.2, MPFR version 3.1.6-p2, MPC version 1.0.2, isl version isl-0.16.1-GMP

warning: MPC header version 1.0.2 differs from library version 1.1.0.
GGC heuristics: --param ggc-min-expand=100 --param ggc-min-heapsize=131072
Compiler executable checksum: d035c70fa88bf1e06de328ff44d02f37
COLLECT_GCC_OPTIONS='-fopenmp' '-v' '-o' 'CMakeFiles/cmTC_83ff1.dir/OpenMPTryFlag.c.o' '-c' '-mlittle-endian' '-mabi=lp64' '-pthread'
 as -v -EL -mabi=lp64 -o CMakeFiles/cmTC_83ff1.dir/OpenMPTryFlag.c.o /tmp/ccKPgE0f.s
GNU assembler version 2.34 (aarch64-linux-gnu) using BFD version (Kunpeng gcc 1.3.2.b023) 2.34
COMPILER_PATH=/usr/libexec/gcc/aarch64-redhat-linux/8/:/usr/libexec/gcc/aarch64-redhat-linux/8/:/usr/libexec/gcc/aarch64-redhat-linux/:/usr/lib/gcc/aarch64-redhat-linux/8/:/usr/lib/gcc/aarch64-redhat-linux/
LIBRARY_PATH=/usr/lib/gcc/aarch64-redhat-linux/8/:/usr/lib/gcc/aarch64-redhat-linux/8/../../../../lib64/:/lib/../lib64/:/usr/lib/../lib64/:/usr/lib/gcc/aarch64-redhat-linux/8/../../../:/lib/:/usr/lib/
COLLECT_GCC_OPTIONS='-fopenmp' '-v' '-o' 'CMakeFiles/cmTC_83ff1.dir/OpenMPTryFlag.c.o' '-c' '-mlittle-endian' '-mabi=lp64' '-pthread'
Linking C executable cmTC_83ff1
/usr/bin/cmake -E cmake_link_script CMakeFiles/cmTC_83ff1.dir/link.txt --verbose=1
/usr/bin/cc  -fopenmp -v -rdynamic CMakeFiles/cmTC_83ff1.dir/OpenMPTryFlag.c.o -o cmTC_83ff1  -v 
Using built-in specs.
COLLECT_GCC=/usr/bin/cc
COLLECT_LTO_WRAPPER=/usr/libexec/gcc/aarch64-redhat-linux/8/lto-wrapper
Target: aarch64-redhat-linux
Configured with: ../configure --enable-bootstrap --enable-languages=c,c++,fortran,lto --prefix=/usr --mandir=/usr/share/man --infodir=/usr/share/info --with-bugurl=http://bugzilla.redhat.com/bugzilla --enable-shared --enable-threads=posix --enable-checking=release --enable-multilib --with-system-zlib --enable-__cxa_atexit --disable-libunwind-exceptions --enable-gnu-unique-object --enable-linker-build-id --with-gcc-major-version-only --with-linker-hash-style=gnu --enable-plugin --enable-initfini-array --with-isl --disable-libmpx --enable-gnu-indirect-function --build=aarch64-redhat-linux
Thread model: posix
gcc version 8.4.1 20200928 (Red Hat 8.4.1-1) (GCC) 
COMPILER_PATH=/usr/libexec/gcc/aarch64-redhat-linux/8/:/usr/libexec/gcc/aarch64-redhat-linux/8/:/usr/libexec/gcc/aarch64-redhat-linux/:/usr/lib/gcc/aarch64-redhat-linux/8/:/usr/lib/gcc/aarch64-redhat-linux/
LIBRARY_PATH=/usr/lib/gcc/aarch64-redhat-linux/8/:/usr/lib/gcc/aarch64-redhat-linux/8/../../../../lib64/:/lib/../lib64/:/usr/lib/../lib64/:/usr/lib/gcc/aarch64-redhat-linux/8/../../../:/lib/:/usr/lib/
Reading specs from /usr/lib/gcc/aarch64-redhat-linux/8/libgomp.spec
COLLECT_GCC_OPTIONS='-fopenmp' '-v' '-rdynamic' '-o' 'cmTC_83ff1' '-v' '-mlittle-endian' '-mabi=lp64' '-pthread'
 /usr/libexec/gcc/aarch64-redhat-linux/8/collect2 -plugin /usr/libexec/gcc/aarch64-redhat-linux/8/liblto_plugin.so -plugin-opt=/usr/libexec/gcc/aarch64-redhat-linux/8/lto-wrapper -plugin-opt=-fresolution=/tmp/ccL9wpIF.res -plugin-opt=-pass-through=-lgcc -plugin-opt=-pass-through=-lgcc_s -plugin-opt=-pass-through=-lpthread -plugin-opt=-pass-through=-lc -plugin-opt=-pass-through=-lgcc -plugin-opt=-pass-through=-lgcc_s --build-id --no-add-needed --eh-frame-hdr --hash-style=gnu -export-dynamic -dynamic-linker /lib/ld-linux-aarch64.so.1 -X -EL -maarch64linux -o cmTC_83ff1 /usr/lib/gcc/aarch64-redhat-linux/8/../../../../lib64/crt1.o /usr/lib/gcc/aarch64-redhat-linux/8/../../../../lib64/crti.o /usr/lib/gcc/aarch64-redhat-linux/8/crtbegin.o -L/usr/lib/gcc/aarch64-redhat-linux/8 -L/usr/lib/gcc/aarch64-redhat-linux/8/../../../../lib64 -L/lib/../lib64 -L/usr/lib/../lib64 -L/usr/lib/gcc/aarch64-redhat-linux/8/../../.. CMakeFiles/cmTC_83ff1.dir/OpenMPTryFlag.c.o -lgomp -lgcc --as-needed -lgcc_s --no-as-needed -lpthread -lc -lgcc --as-needed -lgcc_s --no-as-needed /usr/lib/gcc/aarch64-redhat-linux/8/crtend.o /usr/lib/gcc/aarch64-redhat-linux/8/../../../../lib64/crtn.o
COLLECT_GCC_OPTIONS='-fopenmp' '-v' '-rdynamic' '-o' 'cmTC_83ff1' '-v' '-mlittle-endian' '-mabi=lp64' '-pthread'
gmake[1]: Leaving directory '/home/afanasyev/LAGraph/build/CMakeFiles/CMakeTmp'



Parsed C OpenMP implicit link information from above output:
  link line regex: [^( *|.*[/\])(ld|CMAKE_LINK_STARTFILE-NOTFOUND|([^/\]+-)?ld|collect2)[^/\]*( |$)]
  ignore line: [Change Dir: /home/afanasyev/LAGraph/build/CMakeFiles/CMakeTmp]
  ignore line: []
  ignore line: [Run Build Command(s):/usr/bin/gmake cmTC_83ff1/fast && /usr/bin/gmake  -f CMakeFiles/cmTC_83ff1.dir/build.make CMakeFiles/cmTC_83ff1.dir/build]
  ignore line: [gmake[1]: Entering directory '/home/afanasyev/LAGraph/build/CMakeFiles/CMakeTmp']
  ignore line: [Building C object CMakeFiles/cmTC_83ff1.dir/OpenMPTryFlag.c.o]
  ignore line: [/usr/bin/cc   -fopenmp -v -o CMakeFiles/cmTC_83ff1.dir/OpenMPTryFlag.c.o -c /home/afanasyev/LAGraph/build/CMakeFiles/FindOpenMP/OpenMPTryFlag.c]
  ignore line: [Using built-in specs.]
  ignore line: [COLLECT_GCC=/usr/bin/cc]
  ignore line: [Target: aarch64-redhat-linux]
  ignore line: [Configured with: ../configure --enable-bootstrap --enable-languages=c c++ fortran lto --prefix=/usr --mandir=/usr/share/man --infodir=/usr/share/info --with-bugurl=http://bugzilla.redhat.com/bugzilla --enable-shared --enable-threads=posix --enable-checking=release --enable-multilib --with-system-zlib --enable-__cxa_atexit --disable-libunwind-exceptions --enable-gnu-unique-object --enable-linker-build-id --with-gcc-major-version-only --with-linker-hash-style=gnu --enable-plugin --enable-initfini-array --with-isl --disable-libmpx --enable-gnu-indirect-function --build=aarch64-redhat-linux]
  ignore line: [Thread model: posix]
  ignore line: [gcc version 8.4.1 20200928 (Red Hat 8.4.1-1) (GCC) ]
  ignore line: [COLLECT_GCC_OPTIONS='-fopenmp' '-v' '-o' 'CMakeFiles/cmTC_83ff1.dir/OpenMPTryFlag.c.o' '-c' '-mlittle-endian' '-mabi=lp64' '-pthread']
  ignore line: [ /usr/libexec/gcc/aarch64-redhat-linux/8/cc1 -quiet -v -D_REENTRANT /home/afanasyev/LAGraph/build/CMakeFiles/FindOpenMP/OpenMPTryFlag.c -quiet -dumpbase OpenMPTryFlag.c -mlittle-endian -mabi=lp64 -auxbase-strip CMakeFiles/cmTC_83ff1.dir/OpenMPTryFlag.c.o -version -fopenmp -o /tmp/ccKPgE0f.s]
  ignore line: [GNU C17 (GCC) version 8.4.1 20200928 (Red Hat 8.4.1-1) (aarch64-redhat-linux)]
  ignore line: [	compiled by GNU C version 8.4.1 20200928 (Red Hat 8.4.1-1)  GMP version 6.1.2  MPFR version 3.1.6-p2  MPC version 1.0.2  isl version isl-0.16.1-GMP]
  ignore line: []
  ignore line: [warning: MPC header version 1.0.2 differs from library version 1.1.0.]
  ignore line: [GGC heuristics: --param ggc-min-expand=100 --param ggc-min-heapsize=131072]
  ignore line: [ignoring nonexistent directory "/usr/lib/gcc/aarch64-redhat-linux/8/include-fixed"]
  ignore line: [ignoring nonexistent directory "/usr/lib/gcc/aarch64-redhat-linux/8/../../../../aarch64-redhat-linux/include"]
  ignore line: [#include "..." search starts here:]
  ignore line: [#include <...> search starts here:]
  ignore line: [ /usr/lib/gcc/aarch64-redhat-linux/8/include]
  ignore line: [ /usr/local/include]
  ignore line: [ /usr/include]
  ignore line: [End of search list.]
  ignore line: [GNU C17 (GCC) version 8.4.1 20200928 (Red Hat 8.4.1-1) (aarch64-redhat-linux)]
  ignore line: [	compiled by GNU C version 8.4.1 20200928 (Red Hat 8.4.1-1)  GMP version 6.1.2  MPFR version 3.1.6-p2  MPC version 1.0.2  isl version isl-0.16.1-GMP]
  ignore line: []
  ignore line: [warning: MPC header version 1.0.2 differs from library version 1.1.0.]
  ignore line: [GGC heuristics: --param ggc-min-expand=100 --param ggc-min-heapsize=131072]
  ignore line: [Compiler executable checksum: d035c70fa88bf1e06de328ff44d02f37]
  ignore line: [COLLECT_GCC_OPTIONS='-fopenmp' '-v' '-o' 'CMakeFiles/cmTC_83ff1.dir/OpenMPTryFlag.c.o' '-c' '-mlittle-endian' '-mabi=lp64' '-pthread']
  ignore line: [ as -v -EL -mabi=lp64 -o CMakeFiles/cmTC_83ff1.dir/OpenMPTryFlag.c.o /tmp/ccKPgE0f.s]
  ignore line: [GNU assembler version 2.34 (aarch64-linux-gnu) using BFD version (Kunpeng gcc 1.3.2.b023) 2.34]
  ignore line: [COMPILER_PATH=/usr/libexec/gcc/aarch64-redhat-linux/8/:/usr/libexec/gcc/aarch64-redhat-linux/8/:/usr/libexec/gcc/aarch64-redhat-linux/:/usr/lib/gcc/aarch64-redhat-linux/8/:/usr/lib/gcc/aarch64-redhat-linux/]
  ignore line: [LIBRARY_PATH=/usr/lib/gcc/aarch64-redhat-linux/8/:/usr/lib/gcc/aarch64-redhat-linux/8/../../../../lib64/:/lib/../lib64/:/usr/lib/../lib64/:/usr/lib/gcc/aarch64-redhat-linux/8/../../../:/lib/:/usr/lib/]
  ignore line: [COLLECT_GCC_OPTIONS='-fopenmp' '-v' '-o' 'CMakeFiles/cmTC_83ff1.dir/OpenMPTryFlag.c.o' '-c' '-mlittle-endian' '-mabi=lp64' '-pthread']
  ignore line: [Linking C executable cmTC_83ff1]
  ignore line: [/usr/bin/cmake -E cmake_link_script CMakeFiles/cmTC_83ff1.dir/link.txt --verbose=1]
  ignore line: [/usr/bin/cc  -fopenmp -v -rdynamic CMakeFiles/cmTC_83ff1.dir/OpenMPTryFlag.c.o -o cmTC_83ff1  -v ]
  ignore line: [Using built-in specs.]
  ignore line: [COLLECT_GCC=/usr/bin/cc]
  ignore line: [COLLECT_LTO_WRAPPER=/usr/libexec/gcc/aarch64-redhat-linux/8/lto-wrapper]
  ignore line: [Target: aarch64-redhat-linux]
  ignore line: [Configured with: ../configure --enable-bootstrap --enable-languages=c c++ fortran lto --prefix=/usr --mandir=/usr/share/man --infodir=/usr/share/info --with-bugurl=http://bugzilla.redhat.com/bugzilla --enable-shared --enable-threads=posix --enable-checking=release --enable-multilib --with-system-zlib --enable-__cxa_atexit --disable-libunwind-exceptions --enable-gnu-unique-object --enable-linker-build-id --with-gcc-major-version-only --with-linker-hash-style=gnu --enable-plugin --enable-initfini-array --with-isl --disable-libmpx --enable-gnu-indirect-function --build=aarch64-redhat-linux]
  ignore line: [Thread model: posix]
  ignore line: [gcc version 8.4.1 20200928 (Red Hat 8.4.1-1) (GCC) ]
  ignore line: [COMPILER_PATH=/usr/libexec/gcc/aarch64-redhat-linux/8/:/usr/libexec/gcc/aarch64-redhat-linux/8/:/usr/libexec/gcc/aarch64-redhat-linux/:/usr/lib/gcc/aarch64-redhat-linux/8/:/usr/lib/gcc/aarch64-redhat-linux/]
  ignore line: [LIBRARY_PATH=/usr/lib/gcc/aarch64-redhat-linux/8/:/usr/lib/gcc/aarch64-redhat-linux/8/../../../../lib64/:/lib/../lib64/:/usr/lib/../lib64/:/usr/lib/gcc/aarch64-redhat-linux/8/../../../:/lib/:/usr/lib/]
  ignore line: [Reading specs from /usr/lib/gcc/aarch64-redhat-linux/8/libgomp.spec]
  ignore line: [COLLECT_GCC_OPTIONS='-fopenmp' '-v' '-rdynamic' '-o' 'cmTC_83ff1' '-v' '-mlittle-endian' '-mabi=lp64' '-pthread']
  link line: [ /usr/libexec/gcc/aarch64-redhat-linux/8/collect2 -plugin /usr/libexec/gcc/aarch64-redhat-linux/8/liblto_plugin.so -plugin-opt=/usr/libexec/gcc/aarch64-redhat-linux/8/lto-wrapper -plugin-opt=-fresolution=/tmp/ccL9wpIF.res -plugin-opt=-pass-through=-lgcc -plugin-opt=-pass-through=-lgcc_s -plugin-opt=-pass-through=-lpthread -plugin-opt=-pass-through=-lc -plugin-opt=-pass-through=-lgcc -plugin-opt=-pass-through=-lgcc_s --build-id --no-add-needed --eh-frame-hdr --hash-style=gnu -export-dynamic -dynamic-linker /lib/ld-linux-aarch64.so.1 -X -EL -maarch64linux -o cmTC_83ff1 /usr/lib/gcc/aarch64-redhat-linux/8/../../../../lib64/crt1.o /usr/lib/gcc/aarch64-redhat-linux/8/../../../../lib64/crti.o /usr/lib/gcc/aarch64-redhat-linux/8/crtbegin.o -L/usr/lib/gcc/aarch64-redhat-linux/8 -L/usr/lib/gcc/aarch64-redhat-linux/8/../../../../lib64 -L/lib/../lib64 -L/usr/lib/../lib64 -L/usr/lib/gcc/aarch64-redhat-linux/8/../../.. CMakeFiles/cmTC_83ff1.dir/OpenMPTryFlag.c.o -lgomp -lgcc --as-needed -lgcc_s --no-as-needed -lpthread -lc -lgcc --as-needed -lgcc_s --no-as-needed /usr/lib/gcc/aarch64-redhat-linux/8/crtend.o /usr/lib/gcc/aarch64-redhat-linux/8/../../../../lib64/crtn.o]
    arg [/usr/libexec/gcc/aarch64-redhat-linux/8/collect2] ==> ignore
    arg [-plugin] ==> ignore
    arg [/usr/libexec/gcc/aarch64-redhat-linux/8/liblto_plugin.so] ==> ignore
    arg [-plugin-opt=/usr/libexec/gcc/aarch64-redhat-linux/8/lto-wrapper] ==> ignore
    arg [-plugin-opt=-fresolution=/tmp/ccL9wpIF.res] ==> ignore
    arg [-plugin-opt=-pass-through=-lgcc] ==> ignore
    arg [-plugin-opt=-pass-through=-lgcc_s] ==> ignore
    arg [-plugin-opt=-pass-through=-lpthread] ==> ignore
    arg [-plugin-opt=-pass-through=-lc] ==> ignore
    arg [-plugin-opt=-pass-through=-lgcc] ==> ignore
    arg [-plugin-opt=-pass-through=-lgcc_s] ==> ignore
    arg [--build-id] ==> ignore
    arg [--no-add-needed] ==> ignore
    arg [--eh-frame-hdr] ==> ignore
    arg [--hash-style=gnu] ==> ignore
    arg [-export-dynamic] ==> ignore
    arg [-dynamic-linker] ==> ignore
    arg [/lib/ld-linux-aarch64.so.1] ==> ignore
    arg [-X] ==> ignore
    arg [-EL] ==> ignore
    arg [-maarch64linux] ==> ignore
    arg [-o] ==> ignore
    arg [cmTC_83ff1] ==> ignore
    arg [/usr/lib/gcc/aarch64-redhat-linux/8/../../../../lib64/crt1.o] ==> ignore
    arg [/usr/lib/gcc/aarch64-redhat-linux/8/../../../../lib64/crti.o] ==> ignore
    arg [/usr/lib/gcc/aarch64-redhat-linux/8/crtbegin.o] ==> ignore
    arg [-L/usr/lib/gcc/aarch64-redhat-linux/8] ==> dir [/usr/lib/gcc/aarch64-redhat-linux/8]
    arg [-L/usr/lib/gcc/aarch64-redhat-linux/8/../../../../lib64] ==> dir [/usr/lib/gcc/aarch64-redhat-linux/8/../../../../lib64]
    arg [-L/lib/../lib64] ==> dir [/lib/../lib64]
    arg [-L/usr/lib/../lib64] ==> dir [/usr/lib/../lib64]
    arg [-L/usr/lib/gcc/aarch64-redhat-linux/8/../../..] ==> dir [/usr/lib/gcc/aarch64-redhat-linux/8/../../..]
    arg [CMakeFiles/cmTC_83ff1.dir/OpenMPTryFlag.c.o] ==> ignore
    arg [-lgomp] ==> lib [gomp]
    arg [-lgcc] ==> lib [gcc]
    arg [--as-needed] ==> ignore
    arg [-lgcc_s] ==> lib [gcc_s]
    arg [--no-as-needed] ==> ignore
    arg [-lpthread] ==> lib [pthread]
    arg [-lc] ==> lib [c]
    arg [-lgcc] ==> lib [gcc]
    arg [--as-needed] ==> ignore
    arg [-lgcc_s] ==> lib [gcc_s]
    arg [--no-as-needed] ==> ignore
    arg [/usr/lib/gcc/aarch64-redhat-linux/8/crtend.o] ==> ignore
    arg [/usr/lib/gcc/aarch64-redhat-linux/8/../../../../lib64/crtn.o] ==> ignore
  collapse library dir [/usr/lib/gcc/aarch64-redhat-linux/8] ==> [/usr/lib/gcc/aarch64-redhat-linux/8]
  collapse library dir [/usr/lib/gcc/aarch64-redhat-linux/8/../../../../lib64] ==> [/usr/lib64]
  collapse library dir [/lib/../lib64] ==> [/lib64]
  collapse library dir [/usr/lib/../lib64] ==> [/usr/lib64]
  collapse library dir [/usr/lib/gcc/aarch64-redhat-linux/8/../../..] ==> [/usr/lib]
  implicit libs: [gomp;gcc;gcc_s;pthread;c;gcc;gcc_s]
  implicit dirs: [/usr/lib/gcc/aarch64-redhat-linux/8;/usr/lib64;/lib64;/usr/lib]
  implicit fwks: []


Detecting CXX OpenMP compiler ABI info compiled with the following output:
Change Dir: /home/afanasyev/LAGraph/build/CMakeFiles/CMakeTmp

Run Build Command(s):/usr/bin/gmake cmTC_018ee/fast && /usr/bin/gmake  -f CMakeFiles/cmTC_018ee.dir/build.make CMakeFiles/cmTC_018ee.dir/build
gmake[1]: Entering directory '/home/afanasyev/LAGraph/build/CMakeFiles/CMakeTmp'
Building CXX object CMakeFiles/cmTC_018ee.dir/OpenMPTryFlag.cpp.o
/usr/bin/c++   -fopenmp -v -o CMakeFiles/cmTC_018ee.dir/OpenMPTryFlag.cpp.o -c /home/afanasyev/LAGraph/build/CMakeFiles/FindOpenMP/OpenMPTryFlag.cpp
Using built-in specs.
COLLECT_GCC=/usr/bin/c++
Target: aarch64-redhat-linux
Configured with: ../configure --enable-bootstrap --enable-languages=c,c++,fortran,lto --prefix=/usr --mandir=/usr/share/man --infodir=/usr/share/info --with-bugurl=http://bugzilla.redhat.com/bugzilla --enable-shared --enable-threads=posix --enable-checking=release --enable-multilib --with-system-zlib --enable-__cxa_atexit --disable-libunwind-exceptions --enable-gnu-unique-object --enable-linker-build-id --with-gcc-major-version-only --with-linker-hash-style=gnu --enable-plugin --enable-initfini-array --with-isl --disable-libmpx --enable-gnu-indirect-function --build=aarch64-redhat-linux
Thread model: posix
gcc version 8.4.1 20200928 (Red Hat 8.4.1-1) (GCC) 
COLLECT_GCC_OPTIONS='-fopenmp' '-v' '-o' 'CMakeFiles/cmTC_018ee.dir/OpenMPTryFlag.cpp.o' '-c' '-shared-libgcc' '-mlittle-endian' '-mabi=lp64' '-pthread'
 /usr/libexec/gcc/aarch64-redhat-linux/8/cc1plus -quiet -v -D_GNU_SOURCE -D_REENTRANT /home/afanasyev/LAGraph/build/CMakeFiles/FindOpenMP/OpenMPTryFlag.cpp -quiet -dumpbase OpenMPTryFlag.cpp -mlittle-endian -mabi=lp64 -auxbase-strip CMakeFiles/cmTC_018ee.dir/OpenMPTryFlag.cpp.o -version -fopenmp -o /tmp/ccsflNW9.s
GNU C++14 (GCC) version 8.4.1 20200928 (Red Hat 8.4.1-1) (aarch64-redhat-linux)
	compiled by GNU C version 8.4.1 20200928 (Red Hat 8.4.1-1), GMP version 6.1.2, MPFR version 3.1.6-p2, MPC version 1.0.2, isl version isl-0.16.1-GMP

warning: MPC header version 1.0.2 differs from library version 1.1.0.
GGC heuristics: --param ggc-min-expand=100 --param ggc-min-heapsize=131072
ignoring nonexistent directory "/usr/lib/gcc/aarch64-redhat-linux/8/include-fixed"
ignoring nonexistent directory "/usr/lib/gcc/aarch64-redhat-linux/8/../../../../aarch64-redhat-linux/include"
#include "..." search starts here:
#include <...> search starts here:
 /usr/lib/gcc/aarch64-redhat-linux/8/../../../../include/c++/8
 /usr/lib/gcc/aarch64-redhat-linux/8/../../../../include/c++/8/aarch64-redhat-linux
 /usr/lib/gcc/aarch64-redhat-linux/8/../../../../include/c++/8/backward
 /usr/lib/gcc/aarch64-redhat-linux/8/include
 /usr/local/include
 /usr/include
End of search list.
GNU C++14 (GCC) version 8.4.1 20200928 (Red Hat 8.4.1-1) (aarch64-redhat-linux)
	compiled by GNU C version 8.4.1 20200928 (Red Hat 8.4.1-1), GMP version 6.1.2, MPFR version 3.1.6-p2, MPC version 1.0.2, isl version isl-0.16.1-GMP

warning: MPC header version 1.0.2 differs from library version 1.1.0.
GGC heuristics: --param ggc-min-expand=100 --param ggc-min-heapsize=131072
Compiler executable checksum: f205d195d87a8ecae83783b35db9f541
COLLECT_GCC_OPTIONS='-fopenmp' '-v' '-o' 'CMakeFiles/cmTC_018ee.dir/OpenMPTryFlag.cpp.o' '-c' '-shared-libgcc' '-mlittle-endian' '-mabi=lp64' '-pthread'
 as -v -EL -mabi=lp64 -o CMakeFiles/cmTC_018ee.dir/OpenMPTryFlag.cpp.o /tmp/ccsflNW9.s
GNU assembler version 2.34 (aarch64-linux-gnu) using BFD version (Kunpeng gcc 1.3.2.b023) 2.34
COMPILER_PATH=/usr/libexec/gcc/aarch64-redhat-linux/8/:/usr/libexec/gcc/aarch64-redhat-linux/8/:/usr/libexec/gcc/aarch64-redhat-linux/:/usr/lib/gcc/aarch64-redhat-linux/8/:/usr/lib/gcc/aarch64-redhat-linux/
LIBRARY_PATH=/usr/lib/gcc/aarch64-redhat-linux/8/:/usr/lib/gcc/aarch64-redhat-linux/8/../../../../lib64/:/lib/../lib64/:/usr/lib/../lib64/:/usr/lib/gcc/aarch64-redhat-linux/8/../../../:/lib/:/usr/lib/
COLLECT_GCC_OPTIONS='-fopenmp' '-v' '-o' 'CMakeFiles/cmTC_018ee.dir/OpenMPTryFlag.cpp.o' '-c' '-shared-libgcc' '-mlittle-endian' '-mabi=lp64' '-pthread'
Linking CXX executable cmTC_018ee
/usr/bin/cmake -E cmake_link_script CMakeFiles/cmTC_018ee.dir/link.txt --verbose=1
/usr/bin/c++  -fopenmp -v -rdynamic CMakeFiles/cmTC_018ee.dir/OpenMPTryFlag.cpp.o -o cmTC_018ee  -v 
Using built-in specs.
COLLECT_GCC=/usr/bin/c++
COLLECT_LTO_WRAPPER=/usr/libexec/gcc/aarch64-redhat-linux/8/lto-wrapper
Target: aarch64-redhat-linux
Configured with: ../configure --enable-bootstrap --enable-languages=c,c++,fortran,lto --prefix=/usr --mandir=/usr/share/man --infodir=/usr/share/info --with-bugurl=http://bugzilla.redhat.com/bugzilla --enable-shared --enable-threads=posix --enable-checking=release --enable-multilib --with-system-zlib --enable-__cxa_atexit --disable-libunwind-exceptions --enable-gnu-unique-object --enable-linker-build-id --with-gcc-major-version-only --with-linker-hash-style=gnu --enable-plugin --enable-initfini-array --with-isl --disable-libmpx --enable-gnu-indirect-function --build=aarch64-redhat-linux
Thread model: posix
gcc version 8.4.1 20200928 (Red Hat 8.4.1-1) (GCC) 
COMPILER_PATH=/usr/libexec/gcc/aarch64-redhat-linux/8/:/usr/libexec/gcc/aarch64-redhat-linux/8/:/usr/libexec/gcc/aarch64-redhat-linux/:/usr/lib/gcc/aarch64-redhat-linux/8/:/usr/lib/gcc/aarch64-redhat-linux/
LIBRARY_PATH=/usr/lib/gcc/aarch64-redhat-linux/8/:/usr/lib/gcc/aarch64-redhat-linux/8/../../../../lib64/:/lib/../lib64/:/usr/lib/../lib64/:/usr/lib/gcc/aarch64-redhat-linux/8/../../../:/lib/:/usr/lib/
Reading specs from /usr/lib/gcc/aarch64-redhat-linux/8/libgomp.spec
COLLECT_GCC_OPTIONS='-fopenmp' '-v' '-rdynamic' '-o' 'cmTC_018ee' '-v' '-shared-libgcc' '-mlittle-endian' '-mabi=lp64' '-pthread'
 /usr/libexec/gcc/aarch64-redhat-linux/8/collect2 -plugin /usr/libexec/gcc/aarch64-redhat-linux/8/liblto_plugin.so -plugin-opt=/usr/libexec/gcc/aarch64-redhat-linux/8/lto-wrapper -plugin-opt=-fresolution=/tmp/cclKbhgx.res -plugin-opt=-pass-through=-lgcc_s -plugin-opt=-pass-through=-lgcc -plugin-opt=-pass-through=-lpthread -plugin-opt=-pass-through=-lc -plugin-opt=-pass-through=-lgcc_s -plugin-opt=-pass-through=-lgcc --build-id --no-add-needed --eh-frame-hdr --hash-style=gnu -export-dynamic -dynamic-linker /lib/ld-linux-aarch64.so.1 -X -EL -maarch64linux -o cmTC_018ee /usr/lib/gcc/aarch64-redhat-linux/8/../../../../lib64/crt1.o /usr/lib/gcc/aarch64-redhat-linux/8/../../../../lib64/crti.o /usr/lib/gcc/aarch64-redhat-linux/8/crtbegin.o -L/usr/lib/gcc/aarch64-redhat-linux/8 -L/usr/lib/gcc/aarch64-redhat-linux/8/../../../../lib64 -L/lib/../lib64 -L/usr/lib/../lib64 -L/usr/lib/gcc/aarch64-redhat-linux/8/../../.. CMakeFiles/cmTC_018ee.dir/OpenMPTryFlag.cpp.o -lstdc++ -lm -lgomp -lgcc_s -lgcc -lpthread -lc -lgcc_s -lgcc /usr/lib/gcc/aarch64-redhat-linux/8/crtend.o /usr/lib/gcc/aarch64-redhat-linux/8/../../../../lib64/crtn.o
COLLECT_GCC_OPTIONS='-fopenmp' '-v' '-rdynamic' '-o' 'cmTC_018ee' '-v' '-shared-libgcc' '-mlittle-endian' '-mabi=lp64' '-pthread'
gmake[1]: Leaving directory '/home/afanasyev/LAGraph/build/CMakeFiles/CMakeTmp'



Parsed CXX OpenMP implicit link information from above output:
  link line regex: [^( *|.*[/\])(ld|CMAKE_LINK_STARTFILE-NOTFOUND|([^/\]+-)?ld|collect2)[^/\]*( |$)]
  ignore line: [Change Dir: /home/afanasyev/LAGraph/build/CMakeFiles/CMakeTmp]
  ignore line: []
  ignore line: [Run Build Command(s):/usr/bin/gmake cmTC_018ee/fast && /usr/bin/gmake  -f CMakeFiles/cmTC_018ee.dir/build.make CMakeFiles/cmTC_018ee.dir/build]
  ignore line: [gmake[1]: Entering directory '/home/afanasyev/LAGraph/build/CMakeFiles/CMakeTmp']
  ignore line: [Building CXX object CMakeFiles/cmTC_018ee.dir/OpenMPTryFlag.cpp.o]
  ignore line: [/usr/bin/c++   -fopenmp -v -o CMakeFiles/cmTC_018ee.dir/OpenMPTryFlag.cpp.o -c /home/afanasyev/LAGraph/build/CMakeFiles/FindOpenMP/OpenMPTryFlag.cpp]
  ignore line: [Using built-in specs.]
  ignore line: [COLLECT_GCC=/usr/bin/c++]
  ignore line: [Target: aarch64-redhat-linux]
  ignore line: [Configured with: ../configure --enable-bootstrap --enable-languages=c c++ fortran lto --prefix=/usr --mandir=/usr/share/man --infodir=/usr/share/info --with-bugurl=http://bugzilla.redhat.com/bugzilla --enable-shared --enable-threads=posix --enable-checking=release --enable-multilib --with-system-zlib --enable-__cxa_atexit --disable-libunwind-exceptions --enable-gnu-unique-object --enable-linker-build-id --with-gcc-major-version-only --with-linker-hash-style=gnu --enable-plugin --enable-initfini-array --with-isl --disable-libmpx --enable-gnu-indirect-function --build=aarch64-redhat-linux]
  ignore line: [Thread model: posix]
  ignore line: [gcc version 8.4.1 20200928 (Red Hat 8.4.1-1) (GCC) ]
  ignore line: [COLLECT_GCC_OPTIONS='-fopenmp' '-v' '-o' 'CMakeFiles/cmTC_018ee.dir/OpenMPTryFlag.cpp.o' '-c' '-shared-libgcc' '-mlittle-endian' '-mabi=lp64' '-pthread']
  ignore line: [ /usr/libexec/gcc/aarch64-redhat-linux/8/cc1plus -quiet -v -D_GNU_SOURCE -D_REENTRANT /home/afanasyev/LAGraph/build/CMakeFiles/FindOpenMP/OpenMPTryFlag.cpp -quiet -dumpbase OpenMPTryFlag.cpp -mlittle-endian -mabi=lp64 -auxbase-strip CMakeFiles/cmTC_018ee.dir/OpenMPTryFlag.cpp.o -version -fopenmp -o /tmp/ccsflNW9.s]
  ignore line: [GNU C++14 (GCC) version 8.4.1 20200928 (Red Hat 8.4.1-1) (aarch64-redhat-linux)]
  ignore line: [	compiled by GNU C version 8.4.1 20200928 (Red Hat 8.4.1-1)  GMP version 6.1.2  MPFR version 3.1.6-p2  MPC version 1.0.2  isl version isl-0.16.1-GMP]
  ignore line: []
  ignore line: [warning: MPC header version 1.0.2 differs from library version 1.1.0.]
  ignore line: [GGC heuristics: --param ggc-min-expand=100 --param ggc-min-heapsize=131072]
  ignore line: [ignoring nonexistent directory "/usr/lib/gcc/aarch64-redhat-linux/8/include-fixed"]
  ignore line: [ignoring nonexistent directory "/usr/lib/gcc/aarch64-redhat-linux/8/../../../../aarch64-redhat-linux/include"]
  ignore line: [#include "..." search starts here:]
  ignore line: [#include <...> search starts here:]
  ignore line: [ /usr/lib/gcc/aarch64-redhat-linux/8/../../../../include/c++/8]
  ignore line: [ /usr/lib/gcc/aarch64-redhat-linux/8/../../../../include/c++/8/aarch64-redhat-linux]
  ignore line: [ /usr/lib/gcc/aarch64-redhat-linux/8/../../../../include/c++/8/backward]
  ignore line: [ /usr/lib/gcc/aarch64-redhat-linux/8/include]
  ignore line: [ /usr/local/include]
  ignore line: [ /usr/include]
  ignore line: [End of search list.]
  ignore line: [GNU C++14 (GCC) version 8.4.1 20200928 (Red Hat 8.4.1-1) (aarch64-redhat-linux)]
  ignore line: [	compiled by GNU C version 8.4.1 20200928 (Red Hat 8.4.1-1)  GMP version 6.1.2  MPFR version 3.1.6-p2  MPC version 1.0.2  isl version isl-0.16.1-GMP]
  ignore line: []
  ignore line: [warning: MPC header version 1.0.2 differs from library version 1.1.0.]
  ignore line: [GGC heuristics: --param ggc-min-expand=100 --param ggc-min-heapsize=131072]
  ignore line: [Compiler executable checksum: f205d195d87a8ecae83783b35db9f541]
  ignore line: [COLLECT_GCC_OPTIONS='-fopenmp' '-v' '-o' 'CMakeFiles/cmTC_018ee.dir/OpenMPTryFlag.cpp.o' '-c' '-shared-libgcc' '-mlittle-endian' '-mabi=lp64' '-pthread']
  ignore line: [ as -v -EL -mabi=lp64 -o CMakeFiles/cmTC_018ee.dir/OpenMPTryFlag.cpp.o /tmp/ccsflNW9.s]
  ignore line: [GNU assembler version 2.34 (aarch64-linux-gnu) using BFD version (Kunpeng gcc 1.3.2.b023) 2.34]
  ignore line: [COMPILER_PATH=/usr/libexec/gcc/aarch64-redhat-linux/8/:/usr/libexec/gcc/aarch64-redhat-linux/8/:/usr/libexec/gcc/aarch64-redhat-linux/:/usr/lib/gcc/aarch64-redhat-linux/8/:/usr/lib/gcc/aarch64-redhat-linux/]
  ignore line: [LIBRARY_PATH=/usr/lib/gcc/aarch64-redhat-linux/8/:/usr/lib/gcc/aarch64-redhat-linux/8/../../../../lib64/:/lib/../lib64/:/usr/lib/../lib64/:/usr/lib/gcc/aarch64-redhat-linux/8/../../../:/lib/:/usr/lib/]
  ignore line: [COLLECT_GCC_OPTIONS='-fopenmp' '-v' '-o' 'CMakeFiles/cmTC_018ee.dir/OpenMPTryFlag.cpp.o' '-c' '-shared-libgcc' '-mlittle-endian' '-mabi=lp64' '-pthread']
  ignore line: [Linking CXX executable cmTC_018ee]
  ignore line: [/usr/bin/cmake -E cmake_link_script CMakeFiles/cmTC_018ee.dir/link.txt --verbose=1]
  ignore line: [/usr/bin/c++  -fopenmp -v -rdynamic CMakeFiles/cmTC_018ee.dir/OpenMPTryFlag.cpp.o -o cmTC_018ee  -v ]
  ignore line: [Using built-in specs.]
  ignore line: [COLLECT_GCC=/usr/bin/c++]
  ignore line: [COLLECT_LTO_WRAPPER=/usr/libexec/gcc/aarch64-redhat-linux/8/lto-wrapper]
  ignore line: [Target: aarch64-redhat-linux]
  ignore line: [Configured with: ../configure --enable-bootstrap --enable-languages=c c++ fortran lto --prefix=/usr --mandir=/usr/share/man --infodir=/usr/share/info --with-bugurl=http://bugzilla.redhat.com/bugzilla --enable-shared --enable-threads=posix --enable-checking=release --enable-multilib --with-system-zlib --enable-__cxa_atexit --disable-libunwind-exceptions --enable-gnu-unique-object --enable-linker-build-id --with-gcc-major-version-only --with-linker-hash-style=gnu --enable-plugin --enable-initfini-array --with-isl --disable-libmpx --enable-gnu-indirect-function --build=aarch64-redhat-linux]
  ignore line: [Thread model: posix]
  ignore line: [gcc version 8.4.1 20200928 (Red Hat 8.4.1-1) (GCC) ]
  ignore line: [COMPILER_PATH=/usr/libexec/gcc/aarch64-redhat-linux/8/:/usr/libexec/gcc/aarch64-redhat-linux/8/:/usr/libexec/gcc/aarch64-redhat-linux/:/usr/lib/gcc/aarch64-redhat-linux/8/:/usr/lib/gcc/aarch64-redhat-linux/]
  ignore line: [LIBRARY_PATH=/usr/lib/gcc/aarch64-redhat-linux/8/:/usr/lib/gcc/aarch64-redhat-linux/8/../../../../lib64/:/lib/../lib64/:/usr/lib/../lib64/:/usr/lib/gcc/aarch64-redhat-linux/8/../../../:/lib/:/usr/lib/]
  ignore line: [Reading specs from /usr/lib/gcc/aarch64-redhat-linux/8/libgomp.spec]
  ignore line: [COLLECT_GCC_OPTIONS='-fopenmp' '-v' '-rdynamic' '-o' 'cmTC_018ee' '-v' '-shared-libgcc' '-mlittle-endian' '-mabi=lp64' '-pthread']
  link line: [ /usr/libexec/gcc/aarch64-redhat-linux/8/collect2 -plugin /usr/libexec/gcc/aarch64-redhat-linux/8/liblto_plugin.so -plugin-opt=/usr/libexec/gcc/aarch64-redhat-linux/8/lto-wrapper -plugin-opt=-fresolution=/tmp/cclKbhgx.res -plugin-opt=-pass-through=-lgcc_s -plugin-opt=-pass-through=-lgcc -plugin-opt=-pass-through=-lpthread -plugin-opt=-pass-through=-lc -plugin-opt=-pass-through=-lgcc_s -plugin-opt=-pass-through=-lgcc --build-id --no-add-needed --eh-frame-hdr --hash-style=gnu -export-dynamic -dynamic-linker /lib/ld-linux-aarch64.so.1 -X -EL -maarch64linux -o cmTC_018ee /usr/lib/gcc/aarch64-redhat-linux/8/../../../../lib64/crt1.o /usr/lib/gcc/aarch64-redhat-linux/8/../../../../lib64/crti.o /usr/lib/gcc/aarch64-redhat-linux/8/crtbegin.o -L/usr/lib/gcc/aarch64-redhat-linux/8 -L/usr/lib/gcc/aarch64-redhat-linux/8/../../../../lib64 -L/lib/../lib64 -L/usr/lib/../lib64 -L/usr/lib/gcc/aarch64-redhat-linux/8/../../.. CMakeFiles/cmTC_018ee.dir/OpenMPTryFlag.cpp.o -lstdc++ -lm -lgomp -lgcc_s -lgcc -lpthread -lc -lgcc_s -lgcc /usr/lib/gcc/aarch64-redhat-linux/8/crtend.o /usr/lib/gcc/aarch64-redhat-linux/8/../../../../lib64/crtn.o]
    arg [/usr/libexec/gcc/aarch64-redhat-linux/8/collect2] ==> ignore
    arg [-plugin] ==> ignore
    arg [/usr/libexec/gcc/aarch64-redhat-linux/8/liblto_plugin.so] ==> ignore
    arg [-plugin-opt=/usr/libexec/gcc/aarch64-redhat-linux/8/lto-wrapper] ==> ignore
    arg [-plugin-opt=-fresolution=/tmp/cclKbhgx.res] ==> ignore
    arg [-plugin-opt=-pass-through=-lgcc_s] ==> ignore
    arg [-plugin-opt=-pass-through=-lgcc] ==> ignore
    arg [-plugin-opt=-pass-through=-lpthread] ==> ignore
    arg [-plugin-opt=-pass-through=-lc] ==> ignore
    arg [-plugin-opt=-pass-through=-lgcc_s] ==> ignore
    arg [-plugin-opt=-pass-through=-lgcc] ==> ignore
    arg [--build-id] ==> ignore
    arg [--no-add-needed] ==> ignore
    arg [--eh-frame-hdr] ==> ignore
    arg [--hash-style=gnu] ==> ignore
    arg [-export-dynamic] ==> ignore
    arg [-dynamic-linker] ==> ignore
    arg [/lib/ld-linux-aarch64.so.1] ==> ignore
    arg [-X] ==> ignore
    arg [-EL] ==> ignore
    arg [-maarch64linux] ==> ignore
    arg [-o] ==> ignore
    arg [cmTC_018ee] ==> ignore
    arg [/usr/lib/gcc/aarch64-redhat-linux/8/../../../../lib64/crt1.o] ==> ignore
    arg [/usr/lib/gcc/aarch64-redhat-linux/8/../../../../lib64/crti.o] ==> ignore
    arg [/usr/lib/gcc/aarch64-redhat-linux/8/crtbegin.o] ==> ignore
    arg [-L/usr/lib/gcc/aarch64-redhat-linux/8] ==> dir [/usr/lib/gcc/aarch64-redhat-linux/8]
    arg [-L/usr/lib/gcc/aarch64-redhat-linux/8/../../../../lib64] ==> dir [/usr/lib/gcc/aarch64-redhat-linux/8/../../../../lib64]
    arg [-L/lib/../lib64] ==> dir [/lib/../lib64]
    arg [-L/usr/lib/../lib64] ==> dir [/usr/lib/../lib64]
    arg [-L/usr/lib/gcc/aarch64-redhat-linux/8/../../..] ==> dir [/usr/lib/gcc/aarch64-redhat-linux/8/../../..]
    arg [CMakeFiles/cmTC_018ee.dir/OpenMPTryFlag.cpp.o] ==> ignore
    arg [-lstdc++] ==> lib [stdc++]
    arg [-lm] ==> lib [m]
    arg [-lgomp] ==> lib [gomp]
    arg [-lgcc_s] ==> lib [gcc_s]
    arg [-lgcc] ==> lib [gcc]
    arg [-lpthread] ==> lib [pthread]
    arg [-lc] ==> lib [c]
    arg [-lgcc_s] ==> lib [gcc_s]
    arg [-lgcc] ==> lib [gcc]
    arg [/usr/lib/gcc/aarch64-redhat-linux/8/crtend.o] ==> ignore
    arg [/usr/lib/gcc/aarch64-redhat-linux/8/../../../../lib64/crtn.o] ==> ignore
  collapse library dir [/usr/lib/gcc/aarch64-redhat-linux/8] ==> [/usr/lib/gcc/aarch64-redhat-linux/8]
  collapse library dir [/usr/lib/gcc/aarch64-redhat-linux/8/../../../../lib64] ==> [/usr/lib64]
  collapse library dir [/lib/../lib64] ==> [/lib64]
  collapse library dir [/usr/lib/../lib64] ==> [/usr/lib64]
  collapse library dir [/usr/lib/gcc/aarch64-redhat-linux/8/../../..] ==> [/usr/lib]
  implicit libs: [stdc++;m;gomp;gcc_s;gcc;pthread;c;gcc_s;gcc]
  implicit dirs: [/usr/lib/gcc/aarch64-redhat-linux/8;/usr/lib64;/lib64;/usr/lib]
  implicit fwks: []


Determining if the include file pthread.h exists passed with the following output:
Change Dir: /home/afanasyev/LAGraph/build/CMakeFiles/CMakeTmp

Run Build Command(s):/usr/bin/gmake cmTC_3abc4/fast && /usr/bin/gmake  -f CMakeFiles/cmTC_3abc4.dir/build.make CMakeFiles/cmTC_3abc4.dir/build
gmake[1]: Entering directory '/home/afanasyev/LAGraph/build/CMakeFiles/CMakeTmp'
Building C object CMakeFiles/cmTC_3abc4.dir/CheckIncludeFile.c.o
/usr/bin/cc    -o CMakeFiles/cmTC_3abc4.dir/CheckIncludeFile.c.o -c /home/afanasyev/LAGraph/build/CMakeFiles/CMakeTmp/CheckIncludeFile.c
Linking C executable cmTC_3abc4
/usr/bin/cmake -E cmake_link_script CMakeFiles/cmTC_3abc4.dir/link.txt --verbose=1
/usr/bin/cc -rdynamic CMakeFiles/cmTC_3abc4.dir/CheckIncludeFile.c.o -o cmTC_3abc4 
gmake[1]: Leaving directory '/home/afanasyev/LAGraph/build/CMakeFiles/CMakeTmp'



Determining if the function pthread_create exists in the pthread passed with the following output:
Change Dir: /home/afanasyev/LAGraph/build/CMakeFiles/CMakeTmp

Run Build Command(s):/usr/bin/gmake cmTC_5c3a5/fast && /usr/bin/gmake  -f CMakeFiles/cmTC_5c3a5.dir/build.make CMakeFiles/cmTC_5c3a5.dir/build
gmake[1]: Entering directory '/home/afanasyev/LAGraph/build/CMakeFiles/CMakeTmp'
Building C object CMakeFiles/cmTC_5c3a5.dir/CheckFunctionExists.c.o
/usr/bin/cc   -DCHECK_FUNCTION_EXISTS=pthread_create -o CMakeFiles/cmTC_5c3a5.dir/CheckFunctionExists.c.o -c /usr/share/cmake/Modules/CheckFunctionExists.c
Linking C executable cmTC_5c3a5
/usr/bin/cmake -E cmake_link_script CMakeFiles/cmTC_5c3a5.dir/link.txt --verbose=1
/usr/bin/cc  -DCHECK_FUNCTION_EXISTS=pthread_create -rdynamic CMakeFiles/cmTC_5c3a5.dir/CheckFunctionExists.c.o -o cmTC_5c3a5  -lpthread 
gmake[1]: Leaving directory '/home/afanasyev/LAGraph/build/CMakeFiles/CMakeTmp'



